#
# There is insufficient memory for the Java Runtime Environment to continue.
# Native memory allocation (mmap) failed to map 50331648 bytes for G1 virtual space
# Possible reasons:
#   The system is out of physical RAM or swap space
#   The process is running with CompressedOops enabled, and the Java Heap may be blocking the growth of the native heap
# Possible solutions:
#   Reduce memory load on the system
#   Increase physical memory or swap space
#   Check if swap backing store is full
#   Decrease Java heap size (-Xmx/-Xms)
#   Decrease number of Java threads
#   Decrease Java thread stack sizes (-Xss)
#   Set larger code cache with -XX:ReservedCodeCacheSize=
#   JVM is running with Unscaled Compressed Oops mode in which the Java heap is
#     placed in the first 4GB address space. The Java Heap base address is the
#     maximum limit for the native heap growth. Please use -XX:HeapBaseMinAddress
#     to set the Java Heap base and to place the Java Heap above 4GB virtual address.
# This output file may be truncated or incomplete.
#
#  Out of Memory Error (os_windows.cpp:3769), pid=8924, tid=4272
#
# JRE version: OpenJDK Runtime Environment (17.0.6) (build 17.0.6+0-b2043.56-10027231)
# Java VM: OpenJDK 64-Bit Server VM (17.0.6+0-b2043.56-10027231, mixed mode, tiered, compressed oops, compressed class ptrs, g1 gc, windows-amd64)
# No core dump will be written. Minidumps are not enabled by default on client versions of Windows
#

---------------  S U M M A R Y ------------

Command Line: --add-opens=java.base/java.util=ALL-UNNAMED --add-opens=java.base/java.lang=ALL-UNNAMED --add-opens=java.base/java.lang.invoke=ALL-UNNAMED --add-opens=java.prefs/java.util.prefs=ALL-UNNAMED --add-opens=java.base/java.nio.charset=ALL-UNNAMED --add-opens=java.base/java.net=ALL-UNNAMED --add-opens=java.base/java.util.concurrent.atomic=ALL-UNNAMED -Xmx1536M -Dfile.encoding=windows-1252 -Duser.country=IN -Duser.language=en -Duser.variant -javaagent:C:\Users\Ajeesh Das\.gradle\wrapper\dists\gradle-8.1.1-bin\9wiye5v2saajue4irfo8ybqfp\gradle-8.1.1\lib\agents\gradle-instrumentation-agent-8.1.1.jar org.gradle.launcher.daemon.bootstrap.GradleDaemon 8.1.1

Host: 11th Gen Intel(R) Core(TM) i5-1135G7 @ 2.40GHz, 8 cores, 7G,  Windows 11 , 64 bit Build 22621 (10.0.22621.3527)
Time: Mon Jun 10 17:30:40 2024 India Standard Time elapsed time: 71.253710 seconds (0d 0h 1m 11s)

---------------  T H R E A D  ---------------

Current thread (0x0000023e548a1620):  VMThread "VM Thread" [stack: 0x000000a856400000,0x000000a856500000] [id=4272]

Stack: [0x000000a856400000,0x000000a856500000]
Native frames: (J=compiled Java code, j=interpreted, Vv=VM code, C=native code)
V  [jvm.dll+0x683c9a]
V  [jvm.dll+0x8427a4]
V  [jvm.dll+0x843f9e]
V  [jvm.dll+0x844603]
V  [jvm.dll+0x249b75]
V  [jvm.dll+0x680b69]
V  [jvm.dll+0x67505a]
V  [jvm.dll+0x309acb]
V  [jvm.dll+0x310f86]
V  [jvm.dll+0x3608ee]
V  [jvm.dll+0x360b1f]
V  [jvm.dll+0x2dfbf8]
V  [jvm.dll+0x2e2ce6]
V  [jvm.dll+0x2ed478]
V  [jvm.dll+0x322150]
V  [jvm.dll+0x848ccb]
V  [jvm.dll+0x849a04]
V  [jvm.dll+0x849f1d]
V  [jvm.dll+0x84a2f4]
V  [jvm.dll+0x84a3c0]
V  [jvm.dll+0x7f274a]
V  [jvm.dll+0x682ad5]
C  [ucrtbase.dll+0x29333]
C  [KERNEL32.DLL+0x1257d]
C  [ntdll.dll+0x5aa48]

VM_Operation (0x000000a8560ff9d0): G1Concurrent, mode: safepoint, requested by thread 0x0000023e3bdad750


---------------  P R O C E S S  ---------------

Threads class SMR info:
_java_thread_list=0x0000023e5e6c89f0, length=119, elements={
0x0000023e3bd52e20, 0x0000023e548c5020, 0x0000023e548c9af0, 0x0000023e548b18b0,
0x0000023e548b2370, 0x0000023e548cbfe0, 0x0000023e548cc8a0, 0x0000023e548cd630,
0x0000023e548ce870, 0x0000023e55440bb0, 0x0000023e55505ff0, 0x0000023e5569d470,
0x0000023e57698990, 0x0000023e569a6d40, 0x0000023e56f55a40, 0x0000023e5744cc30,
0x0000023e5744d100, 0x0000023e5744d5d0, 0x0000023e558ee630, 0x0000023e55fab800,
0x0000023e55fa87e0, 0x0000023e55faa990, 0x0000023e55fa9650, 0x0000023e55fa9b20,
0x0000023e55faae60, 0x0000023e55fa8cb0, 0x0000023e55fa9ff0, 0x0000023e55fabcd0,
0x0000023e55fa8310, 0x0000023e55fa9180, 0x0000023e55faa4c0, 0x0000023e58158e20,
0x0000023e5815a630, 0x0000023e5815d650, 0x0000023e5815f800, 0x0000023e581601a0,
0x0000023e5815b4a0, 0x0000023e5815b970, 0x0000023e58158950, 0x0000023e5815be40,
0x0000023e5815ab00, 0x0000023e5815f330, 0x0000023e581597c0, 0x0000023e5815e990,
0x0000023e5815afd0, 0x0000023e58159c90, 0x0000023e5815fcd0, 0x0000023e5815db20,
0x0000023e5815c310, 0x0000023e5815e4c0, 0x0000023e5815ccb0, 0x0000023e5815ee60,
0x0000023e5815a160, 0x0000023e581592f0, 0x0000023e5a0b9890, 0x0000023e5a0bb570,
0x0000023e5a0b8550, 0x0000023e5a0babd0, 0x0000023e5a0bbf10, 0x0000023e5a0b5060,
0x0000023e5a0ba230, 0x0000023e5a0bc3e0, 0x0000023e5a0b6d40, 0x0000023e5a0b76e0,
0x0000023e5a0b7210, 0x0000023e5a0b63a0, 0x0000023e5a0b6870, 0x0000023e5a0bb0a0,
0x0000023e5a0b8ef0, 0x0000023e5a0b7bb0, 0x0000023e5a0b8a20, 0x0000023e5a0bba40,
0x0000023e5a0b5530, 0x0000023e5a0b5a00, 0x0000023e5a0b5ed0, 0x0000023e59dd7fd0,
0x0000023e59dddb40, 0x0000023e59ddd1a0, 0x0000023e59dd84a0, 0x0000023e59dd8970,
0x0000023e59dd7630, 0x0000023e59dd8e40, 0x0000023e59ddccd0, 0x0000023e59ddd670,
0x0000023e59dde4e0, 0x0000023e59ddb4c0, 0x0000023e59ddb990, 0x0000023e59dd7b00,
0x0000023e59dd6c90, 0x0000023e59dd7160, 0x0000023e59dd97e0, 0x0000023e59dda180,
0x0000023e59ddab20, 0x0000023e59dd9cb0, 0x0000023e59dda650, 0x0000023e59ddaff0,
0x0000023e59ddbe60, 0x0000023e59ddc330, 0x0000023e59ddc800, 0x0000023e5c3f0490,
0x0000023e5c3f1ca0, 0x0000023e5c3f0e30, 0x0000023e5c3ec130, 0x0000023e5c3eadf0,
0x0000023e5c3ed470, 0x0000023e5c3ec600, 0x0000023e5c3ef620, 0x0000023e5c3eb790,
0x0000023e5c3ecad0, 0x0000023e5c3f2640, 0x0000023e5c3f2170, 0x0000023e5c3f1300,
0x0000023e5c3f17d0, 0x0000023e5c3eb2c0, 0x0000023e5c3ecfa0, 0x0000023e5c3eec80,
0x0000023e5c3ed940, 0x0000023e5c3ee7b0, 0x0000023e5c3ef150
}

Java Threads: ( => current thread )
  0x0000023e3bd52e20 JavaThread "main" [_thread_blocked, id=12416, stack(0x000000a855e00000,0x000000a855f00000)]
  0x0000023e548c5020 JavaThread "Reference Handler" daemon [_thread_blocked, id=12084, stack(0x000000a856500000,0x000000a856600000)]
  0x0000023e548c9af0 JavaThread "Finalizer" daemon [_thread_blocked, id=5580, stack(0x000000a856600000,0x000000a856700000)]
  0x0000023e548b18b0 JavaThread "Signal Dispatcher" daemon [_thread_blocked, id=112, stack(0x000000a856700000,0x000000a856800000)]
  0x0000023e548b2370 JavaThread "Attach Listener" daemon [_thread_blocked, id=14700, stack(0x000000a856800000,0x000000a856900000)]
  0x0000023e548cbfe0 JavaThread "Service Thread" daemon [_thread_blocked, id=17164, stack(0x000000a856900000,0x000000a856a00000)]
  0x0000023e548cc8a0 JavaThread "Monitor Deflation Thread" daemon [_thread_blocked, id=14648, stack(0x000000a856a00000,0x000000a856b00000)]
  0x0000023e548cd630 JavaThread "C2 CompilerThread0" daemon [_thread_blocked, id=7456, stack(0x000000a856b00000,0x000000a856c00000)]
  0x0000023e548ce870 JavaThread "C1 CompilerThread0" daemon [_thread_blocked, id=17516, stack(0x000000a856c00000,0x000000a856d00000)]
  0x0000023e55440bb0 JavaThread "Sweeper thread" daemon [_thread_blocked, id=2468, stack(0x000000a856d00000,0x000000a856e00000)]
  0x0000023e55505ff0 JavaThread "Common-Cleaner" daemon [_thread_blocked, id=17496, stack(0x000000a856e00000,0x000000a856f00000)]
  0x0000023e5569d470 JavaThread "Notification Thread" daemon [_thread_blocked, id=16708, stack(0x000000a856f00000,0x000000a857000000)]
  0x0000023e57698990 JavaThread "Daemon health stats" [_thread_blocked, id=19236, stack(0x000000a857500000,0x000000a857600000)]
  0x0000023e569a6d40 JavaThread "Incoming local TCP Connector on port 50709" [_thread_in_native, id=9720, stack(0x000000a857600000,0x000000a857700000)]
  0x0000023e56f55a40 JavaThread "Daemon periodic checks" [_thread_blocked, id=10572, stack(0x000000a857700000,0x000000a857800000)]
  0x0000023e5744cc30 JavaThread "Daemon" [_thread_blocked, id=19904, stack(0x000000a857800000,0x000000a857900000)]
  0x0000023e5744d100 JavaThread "Handler for socket connection from /127.0.0.1:50709 to /127.0.0.1:50710" [_thread_in_native, id=4792, stack(0x000000a857900000,0x000000a857a00000)]
  0x0000023e5744d5d0 JavaThread "Cancel handler" [_thread_blocked, id=12212, stack(0x000000a857a00000,0x000000a857b00000)]
  0x0000023e558ee630 JavaThread "Daemon worker" [_thread_blocked, id=15816, stack(0x000000a857b00000,0x000000a857c00000)]
  0x0000023e55fab800 JavaThread "Asynchronous log dispatcher for DefaultDaemonConnection: socket connection from /127.0.0.1:50709 to /127.0.0.1:50710" [_thread_blocked, id=9684, stack(0x000000a857c00000,0x000000a857d00000)]
  0x0000023e55fa87e0 JavaThread "Stdin handler" [_thread_blocked, id=16336, stack(0x000000a857d00000,0x000000a857e00000)]
  0x0000023e55faa990 JavaThread "Daemon client event forwarder" [_thread_blocked, id=1784, stack(0x000000a857e00000,0x000000a857f00000)]
  0x0000023e55fa9650 JavaThread "Cache worker for journal cache (C:\Users\Ajeesh Das\.gradle\caches\journal-1)" [_thread_blocked, id=14020, stack(0x000000a858300000,0x000000a858400000)]
  0x0000023e55fa9b20 JavaThread "File lock request listener" [_thread_in_native, id=21452, stack(0x000000a858400000,0x000000a858500000)]
  0x0000023e55faae60 JavaThread "Cache worker for file hash cache (C:\Users\Ajeesh Das\.gradle\caches\8.1.1\fileHashes)" [_thread_blocked, id=18204, stack(0x000000a858500000,0x000000a858600000)]
  0x0000023e55fa8cb0 JavaThread "File watcher server" daemon [_thread_in_native, id=16768, stack(0x000000a858600000,0x000000a858700000)]
  0x0000023e55fa9ff0 JavaThread "File watcher consumer" daemon [_thread_blocked, id=20464, stack(0x000000a858700000,0x000000a858800000)]
  0x0000023e55fabcd0 JavaThread "Cache worker for checksums cache (D:\Towner\townerapp_mobile\android\.gradle\8.1.1\checksums)" [_thread_blocked, id=12680, stack(0x000000a858800000,0x000000a858900000)]
  0x0000023e55fa8310 JavaThread "Cache worker for cache directory md-rule (C:\Users\Ajeesh Das\.gradle\caches\8.1.1\md-rule)" [_thread_blocked, id=15220, stack(0x000000a858900000,0x000000a858a00000)]
  0x0000023e55fa9180 JavaThread "Cache worker for file content cache (C:\Users\Ajeesh Das\.gradle\caches\8.1.1\fileContent)" [_thread_blocked, id=21172, stack(0x000000a858a00000,0x000000a858b00000)]
  0x0000023e55faa4c0 JavaThread "Cache worker for file hash cache (D:\Towner\townerapp_mobile\android\.gradle\8.1.1\fileHashes)" [_thread_blocked, id=8436, stack(0x000000a858b00000,0x000000a858c00000)]
  0x0000023e58158e20 JavaThread "Cache worker for cache directory md-supplier (C:\Users\Ajeesh Das\.gradle\caches\8.1.1\md-supplier)" [_thread_blocked, id=15836, stack(0x000000a858c00000,0x000000a858d00000)]
  0x0000023e5815a630 JavaThread "Cache worker for execution history cache (C:\Users\Ajeesh Das\.gradle\caches\8.1.1\executionHistory)" [_thread_blocked, id=17316, stack(0x000000a858d00000,0x000000a858e00000)]
  0x0000023e5815d650 JavaThread "jar transforms" [_thread_blocked, id=12228, stack(0x000000a858f00000,0x000000a859000000)]
  0x0000023e5815f800 JavaThread "jar transforms Thread 2" [_thread_blocked, id=16852, stack(0x000000a859000000,0x000000a859100000)]
  0x0000023e581601a0 JavaThread "jar transforms Thread 3" [_thread_blocked, id=20948, stack(0x000000a859100000,0x000000a859200000)]
  0x0000023e5815b4a0 JavaThread "jar transforms Thread 4" [_thread_blocked, id=16916, stack(0x000000a859200000,0x000000a859300000)]
  0x0000023e5815b970 JavaThread "jar transforms Thread 5" [_thread_blocked, id=16600, stack(0x000000a859300000,0x000000a859400000)]
  0x0000023e58158950 JavaThread "jar transforms Thread 6" [_thread_blocked, id=8304, stack(0x000000a859400000,0x000000a859500000)]
  0x0000023e5815be40 JavaThread "Cache worker for kotlin-dsl (C:\Users\Ajeesh Das\.gradle\caches\8.1.1\kotlin-dsl)" [_thread_blocked, id=140, stack(0x000000a859500000,0x000000a859600000)]
  0x0000023e5815ab00 JavaThread "jar transforms Thread 7" [_thread_blocked, id=15552, stack(0x000000a859600000,0x000000a859700000)]
  0x0000023e5815f330 JavaThread "jar transforms Thread 8" [_thread_blocked, id=4912, stack(0x000000a859700000,0x000000a859800000)]
  0x0000023e581597c0 JavaThread "Cache worker for dependencies-accessors (D:\Towner\townerapp_mobile\android\.gradle\8.1.1\dependencies-accessors)" [_thread_blocked, id=18892, stack(0x000000a859800000,0x000000a859900000)]
  0x0000023e5815e990 JavaThread "Cache worker for Build Output Cleanup Cache (D:\Towner\townerapp_mobile\android\.gradle\buildOutputCleanup)" [_thread_blocked, id=11016, stack(0x000000a859900000,0x000000a859a00000)]
  0x0000023e5815afd0 JavaThread "Unconstrained build operations" [_thread_blocked, id=16188, stack(0x000000a859a00000,0x000000a859b00000)]
  0x0000023e58159c90 JavaThread "Unconstrained build operations Thread 2" [_thread_blocked, id=20568, stack(0x000000a859b00000,0x000000a859c00000)]
  0x0000023e5815fcd0 JavaThread "Unconstrained build operations Thread 3" [_thread_blocked, id=17364, stack(0x000000a859c00000,0x000000a859d00000)]
  0x0000023e5815db20 JavaThread "Unconstrained build operations Thread 4" [_thread_blocked, id=13704, stack(0x000000a859d00000,0x000000a859e00000)]
  0x0000023e5815c310 JavaThread "Unconstrained build operations Thread 5" [_thread_blocked, id=15908, stack(0x000000a859e00000,0x000000a859f00000)]
  0x0000023e5815e4c0 JavaThread "Unconstrained build operations Thread 6" [_thread_blocked, id=2252, stack(0x000000a859f00000,0x000000a85a000000)]
  0x0000023e5815ccb0 JavaThread "Unconstrained build operations Thread 7" [_thread_blocked, id=18644, stack(0x000000a85a000000,0x000000a85a100000)]
  0x0000023e5815ee60 JavaThread "Cache worker for Build Output Cleanup Cache (C:\Users\Ajeesh Das\Downloads\flutter_windows_3.13.5-stable\flutter\packages\flutter_tools\gradle\.gradle\buildOutputCleanup)" [_thread_blocked, id=14564, stack(0x000000a85a100000,0x000000a85a200000)]
  0x0000023e5815a160 JavaThread "Memory manager" [_thread_blocked, id=2136, stack(0x000000a855b00000,0x000000a855c00000)]
  0x0000023e581592f0 JavaThread "included builds" [_thread_blocked, id=1692, stack(0x000000a85a200000,0x000000a85a300000)]
  0x0000023e5a0b9890 JavaThread "Execution worker" [_thread_blocked, id=6464, stack(0x000000a85a300000,0x000000a85a400000)]
  0x0000023e5a0bb570 JavaThread "Execution worker Thread 2" [_thread_blocked, id=6264, stack(0x000000a85a400000,0x000000a85a500000)]
  0x0000023e5a0b8550 JavaThread "Execution worker Thread 3" [_thread_blocked, id=17644, stack(0x000000a85a500000,0x000000a85a600000)]
  0x0000023e5a0babd0 JavaThread "Execution worker Thread 4" [_thread_blocked, id=14644, stack(0x000000a85a600000,0x000000a85a700000)]
  0x0000023e5a0bbf10 JavaThread "Execution worker Thread 5" [_thread_blocked, id=10300, stack(0x000000a85a700000,0x000000a85a800000)]
  0x0000023e5a0b5060 JavaThread "Execution worker Thread 6" [_thread_blocked, id=20448, stack(0x000000a85a800000,0x000000a85a900000)]
  0x0000023e5a0ba230 JavaThread "Execution worker Thread 7" [_thread_blocked, id=10252, stack(0x000000a85a900000,0x000000a85aa00000)]
  0x0000023e5a0bc3e0 JavaThread "Cache worker for execution history cache (C:\Users\Ajeesh Das\Downloads\flutter_windows_3.13.5-stable\flutter\packages\flutter_tools\gradle\.gradle\8.1.1\executionHistory)" [_thread_blocked, id=17812, stack(0x000000a85aa00000,0x000000a85ab00000)]
  0x0000023e5a0b6d40 JavaThread "Unconstrained build operations Thread 8" [_thread_blocked, id=5956, stack(0x000000a85ab00000,0x000000a85ac00000)]
  0x0000023e5a0b76e0 JavaThread "Unconstrained build operations Thread 9" [_thread_blocked, id=12880, stack(0x000000a85ac00000,0x000000a85ad00000)]
  0x0000023e5a0b7210 JavaThread "Unconstrained build operations Thread 10" [_thread_blocked, id=2852, stack(0x000000a85ad00000,0x000000a85ae00000)]
  0x0000023e5a0b63a0 JavaThread "Unconstrained build operations Thread 11" [_thread_blocked, id=1676, stack(0x000000a85ae00000,0x000000a85af00000)]
  0x0000023e5a0b6870 JavaThread "Unconstrained build operations Thread 12" [_thread_blocked, id=13092, stack(0x000000a85af00000,0x000000a85b000000)]
  0x0000023e5a0bb0a0 JavaThread "Unconstrained build operations Thread 13" [_thread_blocked, id=9592, stack(0x000000a85b000000,0x000000a85b100000)]
  0x0000023e5a0b8ef0 JavaThread "Unconstrained build operations Thread 14" [_thread_blocked, id=14584, stack(0x000000a85b100000,0x000000a85b200000)]
  0x0000023e5a0b7bb0 JavaThread "build event listener" [_thread_blocked, id=19260, stack(0x000000a85b400000,0x000000a85b500000)]
  0x0000023e5a0b8a20 JavaThread "Unconstrained build operations Thread 15" [_thread_blocked, id=18952, stack(0x000000a85b500000,0x000000a85b600000)]
  0x0000023e5a0bba40 JavaThread "Unconstrained build operations Thread 16" [_thread_blocked, id=10228, stack(0x000000a85b600000,0x000000a85b700000)]
  0x0000023e5a0b5530 JavaThread "Unconstrained build operations Thread 17" [_thread_blocked, id=2472, stack(0x000000a85b700000,0x000000a85b800000)]
  0x0000023e5a0b5a00 JavaThread "Unconstrained build operations Thread 18" [_thread_blocked, id=8556, stack(0x000000a85b800000,0x000000a85b900000)]
  0x0000023e5a0b5ed0 JavaThread "Unconstrained build operations Thread 19" [_thread_blocked, id=8724, stack(0x000000a85b900000,0x000000a85ba00000)]
  0x0000023e59dd7fd0 JavaThread "Unconstrained build operations Thread 20" [_thread_blocked, id=12340, stack(0x000000a85ba00000,0x000000a85bb00000)]
  0x0000023e59dddb40 JavaThread "Unconstrained build operations Thread 21" [_thread_blocked, id=15524, stack(0x000000a85bb00000,0x000000a85bc00000)]
  0x0000023e59ddd1a0 JavaThread "Unconstrained build operations Thread 22" [_thread_blocked, id=10048, stack(0x000000a85bc00000,0x000000a85bd00000)]
  0x0000023e59dd84a0 JavaThread "Unconstrained build operations Thread 23" [_thread_blocked, id=11988, stack(0x000000a85bd00000,0x000000a85be00000)]
  0x0000023e59dd8970 JavaThread "Unconstrained build operations Thread 24" [_thread_blocked, id=13664, stack(0x000000a85be00000,0x000000a85bf00000)]
  0x0000023e59dd7630 JavaThread "Unconstrained build operations Thread 25" [_thread_blocked, id=4976, stack(0x000000a85bf00000,0x000000a85c000000)]
  0x0000023e59dd8e40 JavaThread "Unconstrained build operations Thread 26" [_thread_blocked, id=6472, stack(0x000000a85c000000,0x000000a85c100000)]
  0x0000023e59ddccd0 JavaThread "Unconstrained build operations Thread 27" [_thread_blocked, id=2296, stack(0x000000a85c100000,0x000000a85c200000)]
  0x0000023e59ddd670 JavaThread "Unconstrained build operations Thread 28" [_thread_blocked, id=15704, stack(0x000000a85c200000,0x000000a85c300000)]
  0x0000023e59dde4e0 JavaThread "Unconstrained build operations Thread 29" [_thread_blocked, id=2012, stack(0x000000a855c00000,0x000000a855d00000)]
  0x0000023e59ddb4c0 JavaThread "Unconstrained build operations Thread 30" [_thread_blocked, id=8208, stack(0x000000a855d00000,0x000000a855e00000)]
  0x0000023e59ddb990 JavaThread "Unconstrained build operations Thread 31" [_thread_blocked, id=14496, stack(0x000000a85c300000,0x000000a85c400000)]
  0x0000023e59dd7b00 JavaThread "Unconstrained build operations Thread 32" [_thread_blocked, id=19924, stack(0x000000a85c400000,0x000000a85c500000)]
  0x0000023e59dd6c90 JavaThread "Unconstrained build operations Thread 33" [_thread_blocked, id=13712, stack(0x000000a85c500000,0x000000a85c600000)]
  0x0000023e59dd7160 JavaThread "Unconstrained build operations Thread 34" [_thread_blocked, id=19888, stack(0x000000a85c600000,0x000000a85c700000)]
  0x0000023e59dd97e0 JavaThread "Unconstrained build operations Thread 35" [_thread_blocked, id=19816, stack(0x000000a85c700000,0x000000a85c800000)]
  0x0000023e59dda180 JavaThread "Unconstrained build operations Thread 36" [_thread_blocked, id=19256, stack(0x000000a85c800000,0x000000a85c900000)]
  0x0000023e59ddab20 JavaThread "Unconstrained build operations Thread 37" [_thread_blocked, id=10852, stack(0x000000a85c900000,0x000000a85ca00000)]
  0x0000023e59dd9cb0 JavaThread "Unconstrained build operations Thread 38" [_thread_blocked, id=3600, stack(0x000000a85ca00000,0x000000a85cb00000)]
  0x0000023e59dda650 JavaThread "Unconstrained build operations Thread 39" [_thread_blocked, id=19588, stack(0x000000a85cb00000,0x000000a85cc00000)]
  0x0000023e59ddaff0 JavaThread "Unconstrained build operations Thread 40" [_thread_blocked, id=18676, stack(0x000000a85cc00000,0x000000a85cd00000)]
  0x0000023e59ddbe60 JavaThread "Unconstrained build operations Thread 41" [_thread_blocked, id=2036, stack(0x000000a85cd00000,0x000000a85ce00000)]
  0x0000023e59ddc330 JavaThread "Unconstrained build operations Thread 42" [_thread_blocked, id=20356, stack(0x000000a85ce00000,0x000000a85cf00000)]
  0x0000023e59ddc800 JavaThread "Unconstrained build operations Thread 43" [_thread_blocked, id=18220, stack(0x000000a85cf00000,0x000000a85d000000)]
  0x0000023e5c3f0490 JavaThread "Unconstrained build operations Thread 44" [_thread_blocked, id=13876, stack(0x000000a85d000000,0x000000a85d100000)]
  0x0000023e5c3f1ca0 JavaThread "Unconstrained build operations Thread 45" [_thread_blocked, id=7680, stack(0x000000a85d100000,0x000000a85d200000)]
  0x0000023e5c3f0e30 JavaThread "Unconstrained build operations Thread 46" [_thread_blocked, id=20108, stack(0x000000a85d200000,0x000000a85d300000)]
  0x0000023e5c3ec130 JavaThread "Unconstrained build operations Thread 47" [_thread_blocked, id=4668, stack(0x000000a85d300000,0x000000a85d400000)]
  0x0000023e5c3eadf0 JavaThread "Unconstrained build operations Thread 48" [_thread_blocked, id=12712, stack(0x000000a85d400000,0x000000a85d500000)]
  0x0000023e5c3ed470 JavaThread "Unconstrained build operations Thread 49" [_thread_blocked, id=17452, stack(0x000000a85d500000,0x000000a85d600000)]
  0x0000023e5c3ec600 JavaThread "Unconstrained build operations Thread 50" [_thread_blocked, id=18776, stack(0x000000a85d600000,0x000000a85d700000)]
  0x0000023e5c3ef620 JavaThread "Unconstrained build operations Thread 51" [_thread_blocked, id=17220, stack(0x000000a85d700000,0x000000a85d800000)]
  0x0000023e5c3eb790 JavaThread "Unconstrained build operations Thread 52" [_thread_blocked, id=8028, stack(0x000000a85d800000,0x000000a85d900000)]
  0x0000023e5c3ecad0 JavaThread "Unconstrained build operations Thread 53" [_thread_blocked, id=9940, stack(0x000000a85d900000,0x000000a85da00000)]
  0x0000023e5c3f2640 JavaThread "Unconstrained build operations Thread 54" [_thread_blocked, id=13792, stack(0x000000a85da00000,0x000000a85db00000)]
  0x0000023e5c3f2170 JavaThread "Unconstrained build operations Thread 55" [_thread_blocked, id=12664, stack(0x000000a85db00000,0x000000a85dc00000)]
  0x0000023e5c3f1300 JavaThread "Unconstrained build operations Thread 56" [_thread_blocked, id=9200, stack(0x000000a85dc00000,0x000000a85dd00000)]
  0x0000023e5c3f17d0 JavaThread "Unconstrained build operations Thread 57" [_thread_blocked, id=18240, stack(0x000000a85dd00000,0x000000a85de00000)]
  0x0000023e5c3eb2c0 JavaThread "Unconstrained build operations Thread 58" [_thread_blocked, id=16328, stack(0x000000a85de00000,0x000000a85df00000)]
  0x0000023e5c3ecfa0 JavaThread "Unconstrained build operations Thread 59" [_thread_blocked, id=5280, stack(0x000000a85df00000,0x000000a85e000000)]
  0x0000023e5c3eec80 JavaThread "Unconstrained build operations Thread 60" [_thread_blocked, id=20620, stack(0x000000a85e000000,0x000000a85e100000)]
  0x0000023e5c3ed940 JavaThread "Unconstrained build operations Thread 61" [_thread_blocked, id=20672, stack(0x000000a85e100000,0x000000a85e200000)]
  0x0000023e5c3ee7b0 JavaThread "Unconstrained build operations Thread 62" [_thread_blocked, id=14184, stack(0x000000a85e200000,0x000000a85e300000)]
  0x0000023e5c3ef150 JavaThread "Unconstrained build operations Thread 63" [_thread_blocked, id=12996, stack(0x000000a85e300000,0x000000a85e400000)]

Other Threads:
=>0x0000023e548a1620 VMThread "VM Thread" [stack: 0x000000a856400000,0x000000a856500000] [id=4272]
  0x0000023e55742fc0 WatcherThread [stack: 0x000000a857000000,0x000000a857100000] [id=12256]
  0x0000023e3bda0970 GCTaskThread "GC Thread#0" [stack: 0x000000a855f00000,0x000000a856000000] [id=12588]
  0x0000023e5694b430 GCTaskThread "GC Thread#1" [stack: 0x000000a857100000,0x000000a857200000] [id=4444]
  0x0000023e55b41750 GCTaskThread "GC Thread#2" [stack: 0x000000a857200000,0x000000a857300000] [id=4256]
  0x0000023e569cd300 GCTaskThread "GC Thread#3" [stack: 0x000000a857300000,0x000000a857400000] [id=9360]
  0x0000023e5696bec0 GCTaskThread "GC Thread#4" [stack: 0x000000a857400000,0x000000a857500000] [id=10084]
  0x0000023e557de030 GCTaskThread "GC Thread#5" [stack: 0x000000a857f00000,0x000000a858000000] [id=16896]
  0x0000023e576e59d0 GCTaskThread "GC Thread#6" [stack: 0x000000a858000000,0x000000a858100000] [id=14928]
  0x0000023e55fe5f00 GCTaskThread "GC Thread#7" [stack: 0x000000a858100000,0x000000a858200000] [id=4696]
  0x0000023e3bdad750 ConcurrentGCThread "G1 Main Marker" [stack: 0x000000a856000000,0x000000a856100000] [id=14972]
  0x0000023e3bdae000 ConcurrentGCThread "G1 Conc#0" [stack: 0x000000a856100000,0x000000a856200000] [id=8664]
  0x0000023e55fadb00 ConcurrentGCThread "G1 Conc#1" [stack: 0x000000a858200000,0x000000a858300000] [id=19896]
  0x0000023e546f60d0 ConcurrentGCThread "G1 Refine#0" [stack: 0x000000a856200000,0x000000a856300000] [id=16712]
  0x0000023e556b3700 ConcurrentGCThread "G1 Refine#1" [stack: 0x000000a858e00000,0x000000a858f00000] [id=6852]
  0x0000023e546f6990 ConcurrentGCThread "G1 Service" [stack: 0x000000a856300000,0x000000a856400000] [id=760]

Threads with active compile tasks:
C2 CompilerThread0    71317 12886       4       org.gradle.api.internal.attributes.DefaultMutableAttributeContainer::checkInsertionAllowed (125 bytes)

VM state: at safepoint (normal execution)

VM Mutex/Monitor currently owned by a thread:  ([mutex/lock_event])
[0x0000023e3bd4f8d0] Threads_lock - owner thread: 0x0000023e548a1620
[0x0000023e3bd4ebe0] Heap_lock - owner thread: 0x0000023e3bdad750

Heap address: 0x00000000a0000000, size: 1536 MB, Compressed Oops mode: 32-bit

CDS archive(s) not mapped
Compressed class space mapped at: 0x0000000100000000-0x0000000140000000, reserved size: 1073741824
Narrow klass base: 0x0000000000000000, Narrow klass shift: 3, Narrow klass range: 0x140000000

GC Precious Log:
 CPUs: 8 total, 8 available
 Memory: 7975M
 Large Page Support: Disabled
 NUMA Support: Disabled
 Compressed Oops: Enabled (32-bit)
 Heap Region Size: 1M
 Heap Min Capacity: 8M
 Heap Initial Capacity: 126M
 Heap Max Capacity: 1536M
 Pre-touch: Disabled
 Parallel Workers: 8
 Concurrent Workers: 2
 Concurrent Refinement Workers: 8
 Periodic GC: Disabled

Heap:
 garbage-first heap   total 219136K, used 159362K [0x00000000a0000000, 0x0000000100000000)
  region size 1024K, 10 young (10240K), 5 survivors (5120K)
 Metaspace       used 98771K, committed 99840K, reserved 1138688K
  class space    used 13769K, committed 14208K, reserved 1048576K

Heap Regions: E=young(eden), S=young(survivor), O=old, HS=humongous(starts), HC=humongous(continues), CS=collection set, F=free, OA=open archive, CA=closed archive, TAMS=top-at-mark-start (previous, next)
|   0|0x00000000a0000000, 0x00000000a0100000, 0x00000000a0100000|100%|HS|  |TAMS 0x00000000a0100000, 0x00000000a0000000| Complete 
|   1|0x00000000a0100000, 0x00000000a0200000, 0x00000000a0200000|100%|HC|  |TAMS 0x00000000a0200000, 0x00000000a0100000| Complete 
|   2|0x00000000a0200000, 0x00000000a0300000, 0x00000000a0300000|100%|HC|  |TAMS 0x00000000a0300000, 0x00000000a0200000| Complete 
|   3|0x00000000a0300000, 0x00000000a0400000, 0x00000000a0400000|100%|HC|  |TAMS 0x00000000a0400000, 0x00000000a0300000| Complete 
|   4|0x00000000a0400000, 0x00000000a0500000, 0x00000000a0500000|100%| O|  |TAMS 0x00000000a0500000, 0x00000000a0400000| Untracked 
|   5|0x00000000a0500000, 0x00000000a0600000, 0x00000000a0600000|100%| O|  |TAMS 0x00000000a0600000, 0x00000000a0500000| Updating 
|   6|0x00000000a0600000, 0x00000000a0700000, 0x00000000a0700000|100%| O|  |TAMS 0x00000000a0700000, 0x00000000a0600000| Untracked 
|   7|0x00000000a0700000, 0x00000000a0800000, 0x00000000a0800000|100%| O|  |TAMS 0x00000000a0800000, 0x00000000a0700000| Untracked 
|   8|0x00000000a0800000, 0x00000000a0900000, 0x00000000a0900000|100%| O|  |TAMS 0x00000000a0900000, 0x00000000a0800000| Untracked 
|   9|0x00000000a0900000, 0x00000000a0a00000, 0x00000000a0a00000|100%| O|  |TAMS 0x00000000a0a00000, 0x00000000a0900000| Untracked 
|  10|0x00000000a0a00000, 0x00000000a0b00000, 0x00000000a0b00000|100%| O|  |TAMS 0x00000000a0b00000, 0x00000000a0a00000| Untracked 
|  11|0x00000000a0b00000, 0x00000000a0c00000, 0x00000000a0c00000|100%| O|  |TAMS 0x00000000a0c00000, 0x00000000a0b00000| Untracked 
|  12|0x00000000a0c00000, 0x00000000a0d00000, 0x00000000a0d00000|100%| O|  |TAMS 0x00000000a0d00000, 0x00000000a0c00000| Untracked 
|  13|0x00000000a0d00000, 0x00000000a0e00000, 0x00000000a0e00000|100%| O|  |TAMS 0x00000000a0e00000, 0x00000000a0d00000| Untracked 
|  14|0x00000000a0e00000, 0x00000000a0f00000, 0x00000000a0f00000|100%| O|  |TAMS 0x00000000a0f00000, 0x00000000a0e00000| Untracked 
|  15|0x00000000a0f00000, 0x00000000a1000000, 0x00000000a1000000|100%| O|  |TAMS 0x00000000a1000000, 0x00000000a0f00000| Untracked 
|  16|0x00000000a1000000, 0x00000000a1100000, 0x00000000a1100000|100%| O|  |TAMS 0x00000000a1100000, 0x00000000a1000000| Untracked 
|  17|0x00000000a1100000, 0x00000000a1200000, 0x00000000a1200000|100%| O|  |TAMS 0x00000000a1200000, 0x00000000a1100000| Untracked 
|  18|0x00000000a1200000, 0x00000000a1300000, 0x00000000a1300000|100%| O|  |TAMS 0x00000000a1300000, 0x00000000a1200000| Untracked 
|  19|0x00000000a1300000, 0x00000000a1400000, 0x00000000a1400000|100%| O|  |TAMS 0x00000000a1400000, 0x00000000a1300000| Untracked 
|  20|0x00000000a1400000, 0x00000000a1500000, 0x00000000a1500000|100%| O|  |TAMS 0x00000000a1500000, 0x00000000a1400000| Untracked 
|  21|0x00000000a1500000, 0x00000000a1600000, 0x00000000a1600000|100%| O|  |TAMS 0x00000000a1600000, 0x00000000a1500000| Untracked 
|  22|0x00000000a1600000, 0x00000000a1700000, 0x00000000a1700000|100%| O|  |TAMS 0x00000000a1700000, 0x00000000a1600000| Untracked 
|  23|0x00000000a1700000, 0x00000000a1800000, 0x00000000a1800000|100%| O|  |TAMS 0x00000000a1800000, 0x00000000a1700000| Updating 
|  24|0x00000000a1800000, 0x00000000a1900000, 0x00000000a1900000|100%| O|  |TAMS 0x00000000a1900000, 0x00000000a1800000| Untracked 
|  25|0x00000000a1900000, 0x00000000a1a00000, 0x00000000a1a00000|100%| O|  |TAMS 0x00000000a1a00000, 0x00000000a1900000| Untracked 
|  26|0x00000000a1a00000, 0x00000000a1b00000, 0x00000000a1b00000|100%| O|  |TAMS 0x00000000a1b00000, 0x00000000a1a00000| Untracked 
|  27|0x00000000a1b00000, 0x00000000a1c00000, 0x00000000a1c00000|100%| O|  |TAMS 0x00000000a1c00000, 0x00000000a1b00000| Untracked 
|  28|0x00000000a1c00000, 0x00000000a1d00000, 0x00000000a1d00000|100%| O|  |TAMS 0x00000000a1d00000, 0x00000000a1c00000| Untracked 
|  29|0x00000000a1d00000, 0x00000000a1e00000, 0x00000000a1e00000|100%| O|  |TAMS 0x00000000a1e00000, 0x00000000a1d00000| Untracked 
|  30|0x00000000a1e00000, 0x00000000a1f00000, 0x00000000a1f00000|100%| O|  |TAMS 0x00000000a1f00000, 0x00000000a1e00000| Untracked 
|  31|0x00000000a1f00000, 0x00000000a2000000, 0x00000000a2000000|100%| O|  |TAMS 0x00000000a2000000, 0x00000000a1f00000| Untracked 
|  32|0x00000000a2000000, 0x00000000a2100000, 0x00000000a2100000|100%| O|  |TAMS 0x00000000a2100000, 0x00000000a2000000| Untracked 
|  33|0x00000000a2100000, 0x00000000a2200000, 0x00000000a2200000|100%| O|  |TAMS 0x00000000a2200000, 0x00000000a2100000| Untracked 
|  34|0x00000000a2200000, 0x00000000a2300000, 0x00000000a2300000|100%| O|  |TAMS 0x00000000a2300000, 0x00000000a2200000| Untracked 
|  35|0x00000000a2300000, 0x00000000a2400000, 0x00000000a2400000|100%| O|  |TAMS 0x00000000a2400000, 0x00000000a2300000| Updating 
|  36|0x00000000a2400000, 0x00000000a2500000, 0x00000000a2500000|100%| O|  |TAMS 0x00000000a2500000, 0x00000000a2400000| Untracked 
|  37|0x00000000a2500000, 0x00000000a2600000, 0x00000000a2600000|100%| O|  |TAMS 0x00000000a2600000, 0x00000000a2500000| Untracked 
|  38|0x00000000a2600000, 0x00000000a2700000, 0x00000000a2700000|100%| O|  |TAMS 0x00000000a2700000, 0x00000000a2600000| Untracked 
|  39|0x00000000a2700000, 0x00000000a2800000, 0x00000000a2800000|100%|HS|  |TAMS 0x00000000a2800000, 0x00000000a2700000| Complete 
|  40|0x00000000a2800000, 0x00000000a2900000, 0x00000000a2900000|100%|HS|  |TAMS 0x00000000a2900000, 0x00000000a2800000| Complete 
|  41|0x00000000a2900000, 0x00000000a2a00000, 0x00000000a2a00000|100%|HC|  |TAMS 0x00000000a2a00000, 0x00000000a2900000| Complete 
|  42|0x00000000a2a00000, 0x00000000a2b00000, 0x00000000a2b00000|100%|HS|  |TAMS 0x00000000a2b00000, 0x00000000a2a00000| Complete 
|  43|0x00000000a2b00000, 0x00000000a2c00000, 0x00000000a2c00000|100%| O|  |TAMS 0x00000000a2c00000, 0x00000000a2b00000| Untracked 
|  44|0x00000000a2c00000, 0x00000000a2d00000, 0x00000000a2d00000|100%| O|  |TAMS 0x00000000a2d00000, 0x00000000a2c00000| Updating 
|  45|0x00000000a2d00000, 0x00000000a2e00000, 0x00000000a2e00000|100%|HS|  |TAMS 0x00000000a2e00000, 0x00000000a2d00000| Complete 
|  46|0x00000000a2e00000, 0x00000000a2f00000, 0x00000000a2f00000|100%|HC|  |TAMS 0x00000000a2f00000, 0x00000000a2e00000| Complete 
|  47|0x00000000a2f00000, 0x00000000a3000000, 0x00000000a3000000|100%|HC|  |TAMS 0x00000000a3000000, 0x00000000a2f00000| Complete 
|  48|0x00000000a3000000, 0x00000000a3100000, 0x00000000a3100000|100%|HC|  |TAMS 0x00000000a3100000, 0x00000000a3000000| Complete 
|  49|0x00000000a3100000, 0x00000000a3200000, 0x00000000a3200000|100%| O|  |TAMS 0x00000000a3200000, 0x00000000a3100000| Untracked 
|  50|0x00000000a3200000, 0x00000000a3300000, 0x00000000a3300000|100%| O|  |TAMS 0x00000000a3300000, 0x00000000a3200000| Updating 
|  51|0x00000000a3300000, 0x00000000a3400000, 0x00000000a3400000|100%| O|  |TAMS 0x00000000a3400000, 0x00000000a3300000| Untracked 
|  52|0x00000000a3400000, 0x00000000a3500000, 0x00000000a3500000|100%| O|  |TAMS 0x00000000a3500000, 0x00000000a3400000| Untracked 
|  53|0x00000000a3500000, 0x00000000a3600000, 0x00000000a3600000|100%|HS|  |TAMS 0x00000000a3600000, 0x00000000a3500000| Complete 
|  54|0x00000000a3600000, 0x00000000a3700000, 0x00000000a3700000|100%|HC|  |TAMS 0x00000000a3700000, 0x00000000a3600000| Complete 
|  55|0x00000000a3700000, 0x00000000a3800000, 0x00000000a3800000|100%| O|  |TAMS 0x00000000a3800000, 0x00000000a3700000| Untracked 
|  56|0x00000000a3800000, 0x00000000a3900000, 0x00000000a3900000|100%| O|  |TAMS 0x00000000a3900000, 0x00000000a3800000| Untracked 
|  57|0x00000000a3900000, 0x00000000a3a00000, 0x00000000a3a00000|100%| O|  |TAMS 0x00000000a3a00000, 0x00000000a3900000| Untracked 
|  58|0x00000000a3a00000, 0x00000000a3b00000, 0x00000000a3b00000|100%| O|  |TAMS 0x00000000a3b00000, 0x00000000a3a00000| Untracked 
|  59|0x00000000a3b00000, 0x00000000a3c00000, 0x00000000a3c00000|100%|HS|  |TAMS 0x00000000a3c00000, 0x00000000a3b00000| Complete 
|  60|0x00000000a3c00000, 0x00000000a3d00000, 0x00000000a3d00000|100%|HS|  |TAMS 0x00000000a3d00000, 0x00000000a3c00000| Complete 
|  61|0x00000000a3d00000, 0x00000000a3e00000, 0x00000000a3e00000|100%|HC|  |TAMS 0x00000000a3e00000, 0x00000000a3d00000| Complete 
|  62|0x00000000a3e00000, 0x00000000a3f00000, 0x00000000a3f00000|100%| O|  |TAMS 0x00000000a3f00000, 0x00000000a3e00000| Untracked 
|  63|0x00000000a3f00000, 0x00000000a4000000, 0x00000000a4000000|100%| O|  |TAMS 0x00000000a4000000, 0x00000000a3f00000| Untracked 
|  64|0x00000000a4000000, 0x00000000a4100000, 0x00000000a4100000|100%| O|  |TAMS 0x00000000a4100000, 0x00000000a4000000| Untracked 
|  65|0x00000000a4100000, 0x00000000a4200000, 0x00000000a4200000|100%| O|  |TAMS 0x00000000a4200000, 0x00000000a4100000| Untracked 
|  66|0x00000000a4200000, 0x00000000a4300000, 0x00000000a4300000|100%| O|  |TAMS 0x00000000a4300000, 0x00000000a4200000| Updating 
|  67|0x00000000a4300000, 0x00000000a4400000, 0x00000000a4400000|100%| O|  |TAMS 0x00000000a4400000, 0x00000000a4300000| Untracked 
|  68|0x00000000a4400000, 0x00000000a4500000, 0x00000000a4500000|100%| O|  |TAMS 0x00000000a4500000, 0x00000000a4400000| Untracked 
|  69|0x00000000a4500000, 0x00000000a4600000, 0x00000000a4600000|100%| O|  |TAMS 0x00000000a4600000, 0x00000000a4500000| Untracked 
|  70|0x00000000a4600000, 0x00000000a4700000, 0x00000000a4700000|100%| O|  |TAMS 0x00000000a4700000, 0x00000000a4600000| Untracked 
|  71|0x00000000a4700000, 0x00000000a4800000, 0x00000000a4800000|100%| O|  |TAMS 0x00000000a4800000, 0x00000000a4700000| Untracked 
|  72|0x00000000a4800000, 0x00000000a4900000, 0x00000000a4900000|100%| O|  |TAMS 0x00000000a4900000, 0x00000000a4800000| Untracked 
|  73|0x00000000a4900000, 0x00000000a4a00000, 0x00000000a4a00000|100%| O|  |TAMS 0x00000000a4a00000, 0x00000000a4900000| Untracked 
|  74|0x00000000a4a00000, 0x00000000a4b00000, 0x00000000a4b00000|100%| O|  |TAMS 0x00000000a4b00000, 0x00000000a4a00000| Untracked 
|  75|0x00000000a4b00000, 0x00000000a4c00000, 0x00000000a4c00000|100%| O|  |TAMS 0x00000000a4c00000, 0x00000000a4b00000| Untracked 
|  76|0x00000000a4c00000, 0x00000000a4d00000, 0x00000000a4d00000|100%| O|  |TAMS 0x00000000a4d00000, 0x00000000a4c00000| Updating 
|  77|0x00000000a4d00000, 0x00000000a4e00000, 0x00000000a4e00000|100%|HS|  |TAMS 0x00000000a4e00000, 0x00000000a4d00000| Complete 
|  78|0x00000000a4e00000, 0x00000000a4f00000, 0x00000000a4f00000|100%|HC|  |TAMS 0x00000000a4f00000, 0x00000000a4e00000| Complete 
|  79|0x00000000a4f00000, 0x00000000a5000000, 0x00000000a5000000|100%|HC|  |TAMS 0x00000000a5000000, 0x00000000a4f00000| Complete 
|  80|0x00000000a5000000, 0x00000000a5100000, 0x00000000a5100000|100%|HC|  |TAMS 0x00000000a5100000, 0x00000000a5000000| Complete 
|  81|0x00000000a5100000, 0x00000000a5200000, 0x00000000a5200000|100%| O|  |TAMS 0x00000000a5200000, 0x00000000a5100000| Untracked 
|  82|0x00000000a5200000, 0x00000000a5300000, 0x00000000a5300000|100%| O|  |TAMS 0x00000000a5300000, 0x00000000a5200000| Untracked 
|  83|0x00000000a5300000, 0x00000000a5400000, 0x00000000a5400000|100%| O|  |TAMS 0x00000000a5400000, 0x00000000a5300000| Untracked 
|  84|0x00000000a5400000, 0x00000000a5500000, 0x00000000a5500000|100%| O|  |TAMS 0x00000000a5500000, 0x00000000a5400000| Untracked 
|  85|0x00000000a5500000, 0x00000000a5600000, 0x00000000a5600000|100%| O|  |TAMS 0x00000000a5600000, 0x00000000a5500000| Untracked 
|  86|0x00000000a5600000, 0x00000000a5700000, 0x00000000a5700000|100%| O|  |TAMS 0x00000000a5700000, 0x00000000a5600000| Updating 
|  87|0x00000000a5700000, 0x00000000a5800000, 0x00000000a5800000|100%| O|  |TAMS 0x00000000a5800000, 0x00000000a5700000| Untracked 
|  88|0x00000000a5800000, 0x00000000a5900000, 0x00000000a5900000|100%| O|  |TAMS 0x00000000a5900000, 0x00000000a5800000| Updating 
|  89|0x00000000a5900000, 0x00000000a5a00000, 0x00000000a5a00000|100%| O|  |TAMS 0x00000000a5a00000, 0x00000000a5900000| Untracked 
|  90|0x00000000a5a00000, 0x00000000a5b00000, 0x00000000a5b00000|100%| O|  |TAMS 0x00000000a5b00000, 0x00000000a5a00000| Untracked 
|  91|0x00000000a5b00000, 0x00000000a5c00000, 0x00000000a5c00000|100%| O|  |TAMS 0x00000000a5c00000, 0x00000000a5b00000| Untracked 
|  92|0x00000000a5c00000, 0x00000000a5d00000, 0x00000000a5d00000|100%| O|  |TAMS 0x00000000a5d00000, 0x00000000a5c00000| Untracked 
|  93|0x00000000a5d00000, 0x00000000a5e00000, 0x00000000a5e00000|100%| O|  |TAMS 0x00000000a5e00000, 0x00000000a5d00000| Updating 
|  94|0x00000000a5e00000, 0x00000000a5f00000, 0x00000000a5f00000|100%|HS|  |TAMS 0x00000000a5f00000, 0x00000000a5e00000| Complete 
|  95|0x00000000a5f00000, 0x00000000a6000000, 0x00000000a6000000|100%|HS|  |TAMS 0x00000000a6000000, 0x00000000a5f00000| Complete 
|  96|0x00000000a6000000, 0x00000000a6100000, 0x00000000a6100000|100%|HS|  |TAMS 0x00000000a6100000, 0x00000000a6000000| Complete 
|  97|0x00000000a6100000, 0x00000000a6200000, 0x00000000a6200000|100%| O|  |TAMS 0x00000000a6200000, 0x00000000a6100000| Untracked 
|  98|0x00000000a6200000, 0x00000000a6300000, 0x00000000a6300000|100%| O|  |TAMS 0x00000000a6300000, 0x00000000a6200000| Untracked 
|  99|0x00000000a6300000, 0x00000000a6400000, 0x00000000a6400000|100%| O|  |TAMS 0x00000000a6400000, 0x00000000a6300000| Untracked 
| 100|0x00000000a6400000, 0x00000000a6500000, 0x00000000a6500000|100%| O|  |TAMS 0x00000000a6500000, 0x00000000a6400000| Untracked 
| 101|0x00000000a6500000, 0x00000000a6600000, 0x00000000a6600000|100%| O|  |TAMS 0x00000000a6600000, 0x00000000a6500000| Untracked 
| 102|0x00000000a6600000, 0x00000000a6700000, 0x00000000a6700000|100%| O|  |TAMS 0x00000000a6700000, 0x00000000a6600000| Untracked 
| 103|0x00000000a6700000, 0x00000000a6800000, 0x00000000a6800000|100%| O|  |TAMS 0x00000000a6800000, 0x00000000a6700000| Updating 
| 104|0x00000000a6800000, 0x00000000a6900000, 0x00000000a6900000|100%| O|  |TAMS 0x00000000a6900000, 0x00000000a6800000| Untracked 
| 105|0x00000000a6900000, 0x00000000a6a00000, 0x00000000a6a00000|100%| O|  |TAMS 0x00000000a6a00000, 0x00000000a6900000| Untracked 
| 106|0x00000000a6a00000, 0x00000000a6b00000, 0x00000000a6b00000|100%| O|  |TAMS 0x00000000a6b00000, 0x00000000a6a00000| Untracked 
| 107|0x00000000a6b00000, 0x00000000a6c00000, 0x00000000a6c00000|100%| O|  |TAMS 0x00000000a6c00000, 0x00000000a6b00000| Untracked 
| 108|0x00000000a6c00000, 0x00000000a6d00000, 0x00000000a6d00000|100%| O|  |TAMS 0x00000000a6d00000, 0x00000000a6c00000| Updating 
| 109|0x00000000a6d00000, 0x00000000a6e00000, 0x00000000a6e00000|100%|HS|  |TAMS 0x00000000a6e00000, 0x00000000a6d00000| Complete 
| 110|0x00000000a6e00000, 0x00000000a6f00000, 0x00000000a6f00000|100%| O|  |TAMS 0x00000000a6f00000, 0x00000000a6e00000| Untracked 
| 111|0x00000000a6f00000, 0x00000000a7000000, 0x00000000a7000000|100%| O|  |TAMS 0x00000000a7000000, 0x00000000a6f00000| Untracked 
| 112|0x00000000a7000000, 0x00000000a7100000, 0x00000000a7100000|100%| O|  |TAMS 0x00000000a7100000, 0x00000000a7000000| Untracked 
| 113|0x00000000a7100000, 0x00000000a7200000, 0x00000000a7200000|100%| O|  |TAMS 0x00000000a7200000, 0x00000000a7100000| Updating 
| 114|0x00000000a7200000, 0x00000000a7300000, 0x00000000a7300000|100%| O|  |TAMS 0x00000000a7300000, 0x00000000a7200000| Untracked 
| 115|0x00000000a7300000, 0x00000000a7400000, 0x00000000a7400000|100%| O|  |TAMS 0x00000000a7400000, 0x00000000a7300000| Untracked 
| 116|0x00000000a7400000, 0x00000000a7500000, 0x00000000a7500000|100%| O|  |TAMS 0x00000000a7500000, 0x00000000a7400000| Untracked 
| 117|0x00000000a7500000, 0x00000000a7600000, 0x00000000a7600000|100%| O|  |TAMS 0x00000000a7600000, 0x00000000a7500000| Untracked 
| 118|0x00000000a7600000, 0x00000000a7700000, 0x00000000a7700000|100%| O|  |TAMS 0x00000000a7700000, 0x00000000a7600000| Updating 
| 119|0x00000000a7700000, 0x00000000a7800000, 0x00000000a7800000|100%| O|  |TAMS 0x00000000a7800000, 0x00000000a7700000| Updating 
| 120|0x00000000a7800000, 0x00000000a7900000, 0x00000000a7900000|100%|HS|  |TAMS 0x00000000a7900000, 0x00000000a7800000| Complete 
| 121|0x00000000a7900000, 0x00000000a7a00000, 0x00000000a7a00000|100%|HS|  |TAMS 0x00000000a7a00000, 0x00000000a7900000| Complete 
| 122|0x00000000a7a00000, 0x00000000a7b00000, 0x00000000a7b00000|100%| O|  |TAMS 0x00000000a7b00000, 0x00000000a7a00000| Untracked 
| 123|0x00000000a7b00000, 0x00000000a7c00000, 0x00000000a7c00000|100%| O|  |TAMS 0x00000000a7c00000, 0x00000000a7b00000| Untracked 
| 124|0x00000000a7c00000, 0x00000000a7d00000, 0x00000000a7d00000|100%| O|  |TAMS 0x00000000a7d00000, 0x00000000a7c00000| Untracked 
| 125|0x00000000a7d00000, 0x00000000a7e00000, 0x00000000a7e00000|100%| O|  |TAMS 0x00000000a7e00000, 0x00000000a7d00000| Untracked 
| 126|0x00000000a7e00000, 0x00000000a7f00000, 0x00000000a7f00000|100%| O|  |TAMS 0x00000000a7f00000, 0x00000000a7e00000| Untracked 
| 127|0x00000000a7f00000, 0x00000000a8000000, 0x00000000a8000000|100%| O|  |TAMS 0x00000000a8000000, 0x00000000a7f00000| Untracked 
| 128|0x00000000a8000000, 0x00000000a8100000, 0x00000000a8100000|100%| O|  |TAMS 0x00000000a8100000, 0x00000000a8000000| Untracked 
| 129|0x00000000a8100000, 0x00000000a8200000, 0x00000000a8200000|100%| O|  |TAMS 0x00000000a8200000, 0x00000000a8100000| Untracked 
| 130|0x00000000a8200000, 0x00000000a8300000, 0x00000000a8300000|100%| O|  |TAMS 0x00000000a8300000, 0x00000000a8200000| Updating 
| 131|0x00000000a8300000, 0x00000000a8400000, 0x00000000a8400000|100%| O|  |TAMS 0x00000000a8400000, 0x00000000a8300000| Updating 
| 132|0x00000000a8400000, 0x00000000a8500000, 0x00000000a8500000|100%| O|  |TAMS 0x00000000a8500000, 0x00000000a8400000| Untracked 
| 133|0x00000000a8500000, 0x00000000a8600000, 0x00000000a8600000|100%| O|  |TAMS 0x00000000a8600000, 0x00000000a8500000| Untracked 
| 134|0x00000000a8600000, 0x00000000a8700000, 0x00000000a8700000|100%| O|  |TAMS 0x00000000a8700000, 0x00000000a8600000| Untracked 
| 135|0x00000000a8700000, 0x00000000a8800000, 0x00000000a8800000|100%| O|  |TAMS 0x00000000a8800000, 0x00000000a8700000| Untracked 
| 136|0x00000000a8800000, 0x00000000a8900000, 0x00000000a8900000|100%| O|  |TAMS 0x00000000a8900000, 0x00000000a8800000| Updating 
| 137|0x00000000a8900000, 0x00000000a8a00000, 0x00000000a8a00000|100%| O|  |TAMS 0x00000000a892e600, 0x00000000a8900000| Untracked 
| 138|0x00000000a8a00000, 0x00000000a8b00000, 0x00000000a8b00000|100%|HS|  |TAMS 0x00000000a8b00000, 0x00000000a8a00000| Complete 
| 139|0x00000000a8b00000, 0x00000000a8c00000, 0x00000000a8c00000|100%|HS|  |TAMS 0x00000000a8c00000, 0x00000000a8b00000| Complete 
| 140|0x00000000a8c00000, 0x00000000a8d00000, 0x00000000a8d00000|100%|HS|  |TAMS 0x00000000a8d00000, 0x00000000a8c00000| Complete 
| 141|0x00000000a8d00000, 0x00000000a8e00000, 0x00000000a8e00000|100%|HS|  |TAMS 0x00000000a8e00000, 0x00000000a8d00000| Complete 
| 142|0x00000000a8e00000, 0x00000000a8f00000, 0x00000000a8f00000|100%|HC|  |TAMS 0x00000000a8f00000, 0x00000000a8e00000| Complete 
| 143|0x00000000a8f00000, 0x00000000a9000000, 0x00000000a9000000|100%|HC|  |TAMS 0x00000000a9000000, 0x00000000a8f00000| Complete 
| 144|0x00000000a9000000, 0x00000000a9100000, 0x00000000a9100000|100%| O|  |TAMS 0x00000000a9000000, 0x00000000a9000000| Untracked 
| 145|0x00000000a9100000, 0x00000000a9200000, 0x00000000a9200000|100%| O|  |TAMS 0x00000000a9100000, 0x00000000a9100000| Untracked 
| 146|0x00000000a9200000, 0x00000000a92a0a00, 0x00000000a9300000| 62%| O|  |TAMS 0x00000000a9200000, 0x00000000a9200000| Updating 
| 147|0x00000000a9300000, 0x00000000a9300000, 0x00000000a9400000|  0%| F|  |TAMS 0x00000000a9300000, 0x00000000a9300000| Untracked 
| 148|0x00000000a9400000, 0x00000000a9400000, 0x00000000a9500000|  0%| F|  |TAMS 0x00000000a9400000, 0x00000000a9400000| Untracked 
| 149|0x00000000a9500000, 0x00000000a9500000, 0x00000000a9600000|  0%| F|  |TAMS 0x00000000a9500000, 0x00000000a9500000| Untracked 
| 150|0x00000000a9600000, 0x00000000a9600000, 0x00000000a9700000|  0%| F|  |TAMS 0x00000000a9600000, 0x00000000a9600000| Untracked 
| 151|0x00000000a9700000, 0x00000000a9700000, 0x00000000a9800000|  0%| F|  |TAMS 0x00000000a9700000, 0x00000000a9700000| Untracked 
| 152|0x00000000a9800000, 0x00000000a9800000, 0x00000000a9900000|  0%| F|  |TAMS 0x00000000a9800000, 0x00000000a9800000| Untracked 
| 153|0x00000000a9900000, 0x00000000a9900000, 0x00000000a9a00000|  0%| F|  |TAMS 0x00000000a9900000, 0x00000000a9900000| Untracked 
| 154|0x00000000a9a00000, 0x00000000a9a00000, 0x00000000a9b00000|  0%| F|  |TAMS 0x00000000a9a00000, 0x00000000a9a00000| Untracked 
| 155|0x00000000a9b00000, 0x00000000a9b00000, 0x00000000a9c00000|  0%| F|  |TAMS 0x00000000a9b00000, 0x00000000a9b00000| Untracked 
| 156|0x00000000a9c00000, 0x00000000a9c00000, 0x00000000a9d00000|  0%| F|  |TAMS 0x00000000a9c00000, 0x00000000a9c00000| Untracked 
| 157|0x00000000a9d00000, 0x00000000a9d00000, 0x00000000a9e00000|  0%| F|  |TAMS 0x00000000a9d00000, 0x00000000a9d00000| Untracked 
| 158|0x00000000a9e00000, 0x00000000a9e00000, 0x00000000a9f00000|  0%| F|  |TAMS 0x00000000a9e00000, 0x00000000a9e00000| Untracked 
| 159|0x00000000a9f00000, 0x00000000a9f00000, 0x00000000aa000000|  0%| F|  |TAMS 0x00000000a9f00000, 0x00000000a9f00000| Untracked 
| 160|0x00000000aa000000, 0x00000000aa000000, 0x00000000aa100000|  0%| F|  |TAMS 0x00000000aa000000, 0x00000000aa000000| Untracked 
| 161|0x00000000aa100000, 0x00000000aa100000, 0x00000000aa200000|  0%| F|  |TAMS 0x00000000aa100000, 0x00000000aa100000| Untracked 
| 162|0x00000000aa200000, 0x00000000aa200000, 0x00000000aa300000|  0%| F|  |TAMS 0x00000000aa200000, 0x00000000aa200000| Untracked 
| 163|0x00000000aa300000, 0x00000000aa300000, 0x00000000aa400000|  0%| F|  |TAMS 0x00000000aa300000, 0x00000000aa300000| Untracked 
| 164|0x00000000aa400000, 0x00000000aa400000, 0x00000000aa500000|  0%| F|  |TAMS 0x00000000aa400000, 0x00000000aa400000| Untracked 
| 165|0x00000000aa500000, 0x00000000aa500000, 0x00000000aa600000|  0%| F|  |TAMS 0x00000000aa500000, 0x00000000aa500000| Untracked 
| 166|0x00000000aa600000, 0x00000000aa600000, 0x00000000aa700000|  0%| F|  |TAMS 0x00000000aa600000, 0x00000000aa600000| Untracked 
| 167|0x00000000aa700000, 0x00000000aa700000, 0x00000000aa800000|  0%| F|  |TAMS 0x00000000aa700000, 0x00000000aa700000| Untracked 
| 168|0x00000000aa800000, 0x00000000aa800000, 0x00000000aa900000|  0%| F|  |TAMS 0x00000000aa800000, 0x00000000aa800000| Untracked 
| 169|0x00000000aa900000, 0x00000000aa900000, 0x00000000aaa00000|  0%| F|  |TAMS 0x00000000aa900000, 0x00000000aa900000| Untracked 
| 170|0x00000000aaa00000, 0x00000000aaa00000, 0x00000000aab00000|  0%| F|  |TAMS 0x00000000aaa00000, 0x00000000aaa00000| Untracked 
| 171|0x00000000aab00000, 0x00000000aab00000, 0x00000000aac00000|  0%| F|  |TAMS 0x00000000aab00000, 0x00000000aab00000| Untracked 
| 172|0x00000000aac00000, 0x00000000aad00000, 0x00000000aad00000|100%| S|CS|TAMS 0x00000000aac00000, 0x00000000aac00000| Complete 
| 173|0x00000000aad00000, 0x00000000aae00000, 0x00000000aae00000|100%| S|CS|TAMS 0x00000000aad00000, 0x00000000aad00000| Complete 
| 174|0x00000000aae00000, 0x00000000aaf00000, 0x00000000aaf00000|100%| S|CS|TAMS 0x00000000aae00000, 0x00000000aae00000| Complete 
| 175|0x00000000aaf00000, 0x00000000ab000000, 0x00000000ab000000|100%| S|CS|TAMS 0x00000000aaf00000, 0x00000000aaf00000| Complete 
| 176|0x00000000ab000000, 0x00000000ab100000, 0x00000000ab100000|100%| S|CS|TAMS 0x00000000ab000000, 0x00000000ab000000| Complete 
| 177|0x00000000ab100000, 0x00000000ab100000, 0x00000000ab200000|  0%| F|  |TAMS 0x00000000ab100000, 0x00000000ab100000| Untracked 
| 178|0x00000000ab200000, 0x00000000ab200000, 0x00000000ab300000|  0%| F|  |TAMS 0x00000000ab200000, 0x00000000ab200000| Untracked 
| 179|0x00000000ab300000, 0x00000000ab300000, 0x00000000ab400000|  0%| F|  |TAMS 0x00000000ab300000, 0x00000000ab300000| Untracked 
| 180|0x00000000ab400000, 0x00000000ab400000, 0x00000000ab500000|  0%| F|  |TAMS 0x00000000ab400000, 0x00000000ab400000| Untracked 
| 181|0x00000000ab500000, 0x00000000ab500000, 0x00000000ab600000|  0%| F|  |TAMS 0x00000000ab500000, 0x00000000ab500000| Untracked 
| 182|0x00000000ab600000, 0x00000000ab600000, 0x00000000ab700000|  0%| F|  |TAMS 0x00000000ab600000, 0x00000000ab600000| Untracked 
| 183|0x00000000ab700000, 0x00000000ab700000, 0x00000000ab800000|  0%| F|  |TAMS 0x00000000ab700000, 0x00000000ab700000| Untracked 
| 184|0x00000000ab800000, 0x00000000ab800000, 0x00000000ab900000|  0%| F|  |TAMS 0x00000000ab800000, 0x00000000ab800000| Untracked 
| 185|0x00000000ab900000, 0x00000000ab900000, 0x00000000aba00000|  0%| F|  |TAMS 0x00000000ab900000, 0x00000000ab900000| Untracked 
| 186|0x00000000aba00000, 0x00000000aba00000, 0x00000000abb00000|  0%| F|  |TAMS 0x00000000aba00000, 0x00000000aba00000| Untracked 
| 187|0x00000000abb00000, 0x00000000abb00000, 0x00000000abc00000|  0%| F|  |TAMS 0x00000000abb00000, 0x00000000abb00000| Untracked 
| 188|0x00000000abc00000, 0x00000000abc00000, 0x00000000abd00000|  0%| F|  |TAMS 0x00000000abc00000, 0x00000000abc00000| Untracked 
| 189|0x00000000abd00000, 0x00000000abd00000, 0x00000000abe00000|  0%| F|  |TAMS 0x00000000abd00000, 0x00000000abd00000| Untracked 
| 190|0x00000000abe00000, 0x00000000abe00000, 0x00000000abf00000|  0%| F|  |TAMS 0x00000000abe00000, 0x00000000abe00000| Untracked 
| 191|0x00000000abf00000, 0x00000000abf00000, 0x00000000ac000000|  0%| F|  |TAMS 0x00000000abf00000, 0x00000000abf00000| Untracked 
| 192|0x00000000ac000000, 0x00000000ac000000, 0x00000000ac100000|  0%| F|  |TAMS 0x00000000ac000000, 0x00000000ac000000| Untracked 
| 193|0x00000000ac100000, 0x00000000ac100000, 0x00000000ac200000|  0%| F|  |TAMS 0x00000000ac100000, 0x00000000ac100000| Untracked 
| 194|0x00000000ac200000, 0x00000000ac200000, 0x00000000ac300000|  0%| F|  |TAMS 0x00000000ac200000, 0x00000000ac200000| Untracked 
| 195|0x00000000ac300000, 0x00000000ac300000, 0x00000000ac400000|  0%| F|  |TAMS 0x00000000ac300000, 0x00000000ac300000| Untracked 
| 196|0x00000000ac400000, 0x00000000ac400000, 0x00000000ac500000|  0%| F|  |TAMS 0x00000000ac400000, 0x00000000ac400000| Untracked 
| 197|0x00000000ac500000, 0x00000000ac500000, 0x00000000ac600000|  0%| F|  |TAMS 0x00000000ac500000, 0x00000000ac500000| Untracked 
| 198|0x00000000ac600000, 0x00000000ac600000, 0x00000000ac700000|  0%| F|  |TAMS 0x00000000ac600000, 0x00000000ac600000| Untracked 
| 199|0x00000000ac700000, 0x00000000ac700000, 0x00000000ac800000|  0%| F|  |TAMS 0x00000000ac700000, 0x00000000ac700000| Untracked 
| 200|0x00000000ac800000, 0x00000000ac800000, 0x00000000ac900000|  0%| F|  |TAMS 0x00000000ac800000, 0x00000000ac800000| Untracked 
| 201|0x00000000ac900000, 0x00000000ac900000, 0x00000000aca00000|  0%| F|  |TAMS 0x00000000ac900000, 0x00000000ac900000| Untracked 
| 202|0x00000000aca00000, 0x00000000aca00000, 0x00000000acb00000|  0%| F|  |TAMS 0x00000000aca00000, 0x00000000aca00000| Untracked 
| 203|0x00000000acb00000, 0x00000000acb00000, 0x00000000acc00000|  0%| F|  |TAMS 0x00000000acb00000, 0x00000000acb00000| Untracked 
| 204|0x00000000acc00000, 0x00000000acc00000, 0x00000000acd00000|  0%| F|  |TAMS 0x00000000acc00000, 0x00000000acc00000| Untracked 
| 205|0x00000000acd00000, 0x00000000acd00000, 0x00000000ace00000|  0%| F|  |TAMS 0x00000000acd00000, 0x00000000acd00000| Untracked 
| 206|0x00000000ace00000, 0x00000000ace00000, 0x00000000acf00000|  0%| F|  |TAMS 0x00000000ace00000, 0x00000000ace00000| Untracked 
| 207|0x00000000acf00000, 0x00000000acf00000, 0x00000000ad000000|  0%| F|  |TAMS 0x00000000acf00000, 0x00000000acf00000| Untracked 
| 208|0x00000000ad000000, 0x00000000ad000000, 0x00000000ad100000|  0%| F|  |TAMS 0x00000000ad000000, 0x00000000ad000000| Untracked 
| 209|0x00000000ad100000, 0x00000000ad1cecd8, 0x00000000ad200000| 80%| E|  |TAMS 0x00000000ad100000, 0x00000000ad100000| Complete 
| 210|0x00000000ad200000, 0x00000000ad300000, 0x00000000ad300000|100%| E|CS|TAMS 0x00000000ad200000, 0x00000000ad200000| Complete 
| 211|0x00000000ad300000, 0x00000000ad400000, 0x00000000ad400000|100%| E|CS|TAMS 0x00000000ad300000, 0x00000000ad300000| Complete 
| 212|0x00000000ad400000, 0x00000000ad500000, 0x00000000ad500000|100%| E|CS|TAMS 0x00000000ad400000, 0x00000000ad400000| Complete 
| 213|0x00000000ad500000, 0x00000000ad600000, 0x00000000ad600000|100%| E|CS|TAMS 0x00000000ad500000, 0x00000000ad500000| Complete 

Card table byte_map: [0x0000023e4e840000,0x0000023e4eb40000] _byte_map_base: 0x0000023e4e340000

Marking Bits (Prev, Next): (CMBitMap*) 0x0000023e3bda0e20, (CMBitMap*) 0x0000023e3bda0e60
 Prev Bits: [0x0000023e4ee40000, 0x0000023e50640000)
 Next Bits: [0x0000023e50640000, 0x0000023e51e40000)

Polling page: 0x0000023e39cf0000

Metaspace:

Usage:
  Non-class:     83.01 MB used.
      Class:     13.45 MB used.
       Both:     96.46 MB used.

Virtual space:
  Non-class space:       88.00 MB reserved,      83.62 MB ( 95%) committed,  11 nodes.
      Class space:        1.00 GB reserved,      13.88 MB (  1%) committed,  1 nodes.
             Both:        1.09 GB reserved,      97.50 MB (  9%) committed. 

Chunk freelists:
   Non-Class:  3.88 MB
       Class:  2.16 MB
        Both:  6.03 MB

MaxMetaspaceSize: unlimited
CompressedClassSpaceSize: 1.00 GB
Initial GC threshold: 21.00 MB
Current GC threshold: 161.19 MB
CDS: off
MetaspaceReclaimPolicy: balanced
 - commit_granule_bytes: 65536.
 - commit_granule_words: 8192.
 - virtual_space_node_default_size: 1048576.
 - enlarge_chunks_in_place: 1.
 - new_chunks_are_fully_committed: 0.
 - uncommit_free_chunks: 1.
 - use_allocation_guard: 0.
 - handle_deallocations: 1.


Internal statistics:

num_allocs_failed_limit: 6.
num_arena_births: 1296.
num_arena_deaths: 0.
num_vsnodes_births: 12.
num_vsnodes_deaths: 0.
num_space_committed: 1560.
num_space_uncommitted: 0.
num_chunks_returned_to_freelist: 6.
num_chunks_taken_from_freelist: 5218.
num_chunk_merges: 6.
num_chunk_splits: 3338.
num_chunks_enlarged: 2124.
num_purges: 0.
num_inconsistent_stats: 0.

CodeHeap 'non-profiled nmethods': size=120000Kb used=6548Kb max_used=6548Kb free=113451Kb
 bounds [0x0000023e46ce0000, 0x0000023e47350000, 0x0000023e4e210000]
CodeHeap 'profiled nmethods': size=120000Kb used=22316Kb max_used=22316Kb free=97683Kb
 bounds [0x0000023e3f210000, 0x0000023e407e0000, 0x0000023e46740000]
CodeHeap 'non-nmethods': size=5760Kb used=2405Kb max_used=2453Kb free=3354Kb
 bounds [0x0000023e46740000, 0x0000023e469b0000, 0x0000023e46ce0000]
 total_blobs=12088 nmethods=11159 adapters=841
 compilation: enabled
              stopped_count=0, restarted_count=0
 full_count=0

Compilation events (20 events):
Event: 71.030 Thread 0x0000023e548cd630 nmethod 12835 0x0000023e47342890 code [0x0000023e47342a20, 0x0000023e47342bf8]
Event: 71.030 Thread 0x0000023e548cd630 12828       4       com.google.common.collect.Sets$1$1::<init> (42 bytes)
Event: 71.051 Thread 0x0000023e548cd630 nmethod 12828 0x0000023e47342d10 code [0x0000023e47342ee0, 0x0000023e47343818]
Event: 71.052 Thread 0x0000023e548cd630 12878       4       java.util.LinkedList::get (14 bytes)
Event: 71.056 Thread 0x0000023e548cd630 nmethod 12878 0x0000023e47343c90 code [0x0000023e47343e20, 0x0000023e47343fb8]
Event: 71.090 Thread 0x0000023e548ce870 12879       3       kotlin.reflect.jvm.internal.CachesKt::getOrCreateKotlinClass (23 bytes)
Event: 71.091 Thread 0x0000023e548cd630 12880       4       kotlin.reflect.jvm.internal.impl.protobuf.SmallSortedMap$EmptySet$2::iterator (4 bytes)
Event: 71.091 Thread 0x0000023e548ce870 nmethod 12879 0x0000023e407da590 code [0x0000023e407da820, 0x0000023e407db2f8]
Event: 71.092 Thread 0x0000023e548cd630 nmethod 12880 0x0000023e47344190 code [0x0000023e47344300, 0x0000023e47344378]
Event: 71.092 Thread 0x0000023e548ce870 12881       1       kotlin.reflect.jvm.internal.impl.metadata.ProtoBuf$Function::getContextReceiverTypeIdList (5 bytes)
Event: 71.092 Thread 0x0000023e548ce870 nmethod 12881 0x0000023e47344490 code [0x0000023e47344620, 0x0000023e473446f8]
Event: 71.092 Thread 0x0000023e548ce870 12882       3       kotlin.reflect.jvm.internal.impl.protobuf.CodedOutputStream::writeRawBytes (11 bytes)
Event: 71.093 Thread 0x0000023e548ce870 nmethod 12882 0x0000023e407db710 code [0x0000023e407db8c0, 0x0000023e407dbad8]
Event: 71.093 Thread 0x0000023e548ce870 12883       3       kotlin.reflect.jvm.internal.impl.protobuf.CodedOutputStream::writeRawBytes (157 bytes)
Event: 71.093 Thread 0x0000023e548ce870 nmethod 12883 0x0000023e407dbc10 code [0x0000023e407dbe00, 0x0000023e407dc3a8]
Event: 71.093 Thread 0x0000023e548ce870 12884       1       kotlin.reflect.jvm.internal.impl.name.ClassId::isLocal (5 bytes)
Event: 71.094 Thread 0x0000023e548ce870 nmethod 12884 0x0000023e47344790 code [0x0000023e47344920, 0x0000023e473449f8]
Event: 71.097 Thread 0x0000023e548cd630 12885       4       java.util.AbstractCollection::toArray (144 bytes)
Event: 71.109 Thread 0x0000023e548cd630 nmethod 12885 0x0000023e47344a90 code [0x0000023e47344c40, 0x0000023e47345098]
Event: 71.109 Thread 0x0000023e548cd630 12886       4       org.gradle.api.internal.attributes.DefaultMutableAttributeContainer::checkInsertionAllowed (125 bytes)

GC Heap History (20 events):
Event: 55.886 GC heap before
{Heap before GC invocations=66 (full 0):
 garbage-first heap   total 165888K, used 136894K [0x00000000a0000000, 0x0000000100000000)
  region size 1024K, 43 young (44032K), 4 survivors (4096K)
 Metaspace       used 94374K, committed 95232K, reserved 1138688K
  class space    used 13195K, committed 13568K, reserved 1048576K
}
Event: 55.897 GC heap after
{Heap after GC invocations=67 (full 0):
 garbage-first heap   total 165888K, used 101371K [0x00000000a0000000, 0x0000000100000000)
  region size 1024K, 6 young (6144K), 6 survivors (6144K)
 Metaspace       used 94374K, committed 95232K, reserved 1138688K
  class space    used 13195K, committed 13568K, reserved 1048576K
}
Event: 58.126 GC heap before
{Heap before GC invocations=68 (full 0):
 garbage-first heap   total 174080K, used 140283K [0x00000000a0000000, 0x0000000100000000)
  region size 1024K, 41 young (41984K), 6 survivors (6144K)
 Metaspace       used 95619K, committed 96448K, reserved 1138688K
  class space    used 13322K, committed 13696K, reserved 1048576K
}
Event: 58.144 GC heap after
{Heap after GC invocations=69 (full 0):
 garbage-first heap   total 174080K, used 110643K [0x00000000a0000000, 0x0000000100000000)
  region size 1024K, 6 young (6144K), 6 survivors (6144K)
 Metaspace       used 95619K, committed 96448K, reserved 1138688K
  class space    used 13322K, committed 13696K, reserved 1048576K
}
Event: 58.253 GC heap before
{Heap before GC invocations=69 (full 0):
 garbage-first heap   total 174080K, used 112691K [0x00000000a0000000, 0x0000000100000000)
  region size 1024K, 8 young (8192K), 6 survivors (6144K)
 Metaspace       used 95705K, committed 96576K, reserved 1138688K
  class space    used 13340K, committed 13696K, reserved 1048576K
}
Event: 58.261 GC heap after
{Heap after GC invocations=70 (full 0):
 garbage-first heap   total 174080K, used 111624K [0x00000000a0000000, 0x0000000100000000)
  region size 1024K, 1 young (1024K), 1 survivors (1024K)
 Metaspace       used 95705K, committed 96576K, reserved 1138688K
  class space    used 13340K, committed 13696K, reserved 1048576K
}
Event: 60.606 GC heap before
{Heap before GC invocations=70 (full 0):
 garbage-first heap   total 174080K, used 143368K [0x00000000a0000000, 0x0000000100000000)
  region size 1024K, 33 young (33792K), 1 survivors (1024K)
 Metaspace       used 96929K, committed 97792K, reserved 1138688K
  class space    used 13540K, committed 13888K, reserved 1048576K
}
Event: 60.616 GC heap after
{Heap after GC invocations=71 (full 0):
 garbage-first heap   total 174080K, used 116736K [0x00000000a0000000, 0x0000000100000000)
  region size 1024K, 5 young (5120K), 5 survivors (5120K)
 Metaspace       used 96929K, committed 97792K, reserved 1138688K
  class space    used 13540K, committed 13888K, reserved 1048576K
}
Event: 62.389 GC heap before
{Heap before GC invocations=72 (full 0):
 garbage-first heap   total 203776K, used 141312K [0x00000000a0000000, 0x0000000100000000)
  region size 1024K, 30 young (30720K), 5 survivors (5120K)
 Metaspace       used 97379K, committed 98368K, reserved 1138688K
  class space    used 13588K, committed 13952K, reserved 1048576K
}
Event: 62.406 GC heap after
{Heap after GC invocations=73 (full 0):
 garbage-first heap   total 203776K, used 120637K [0x00000000a0000000, 0x0000000100000000)
  region size 1024K, 4 young (4096K), 4 survivors (4096K)
 Metaspace       used 97379K, committed 98368K, reserved 1138688K
  class space    used 13588K, committed 13952K, reserved 1048576K
}
Event: 62.650 GC heap before
{Heap before GC invocations=73 (full 0):
 garbage-first heap   total 203776K, used 125757K [0x00000000a0000000, 0x0000000100000000)
  region size 1024K, 9 young (9216K), 4 survivors (4096K)
 Metaspace       used 97431K, committed 98432K, reserved 1138688K
  class space    used 13595K, committed 14016K, reserved 1048576K
}
Event: 62.663 GC heap after
{Heap after GC invocations=74 (full 0):
 garbage-first heap   total 203776K, used 121319K [0x00000000a0000000, 0x0000000100000000)
  region size 1024K, 1 young (1024K), 1 survivors (1024K)
 Metaspace       used 97431K, committed 98432K, reserved 1138688K
  class space    used 13595K, committed 14016K, reserved 1048576K
}
Event: 65.587 GC heap before
{Heap before GC invocations=74 (full 0):
 garbage-first heap   total 203776K, used 166375K [0x00000000a0000000, 0x0000000100000000)
  region size 1024K, 45 young (46080K), 1 survivors (1024K)
 Metaspace       used 98012K, committed 99008K, reserved 1138688K
  class space    used 13671K, committed 14080K, reserved 1048576K
}
Event: 65.605 GC heap after
{Heap after GC invocations=75 (full 0):
 garbage-first heap   total 203776K, used 128546K [0x00000000a0000000, 0x0000000100000000)
  region size 1024K, 6 young (6144K), 6 survivors (6144K)
 Metaspace       used 98012K, committed 99008K, reserved 1138688K
  class space    used 13671K, committed 14080K, reserved 1048576K
}
Event: 68.063 GC heap before
{Heap before GC invocations=76 (full 0):
 garbage-first heap   total 219136K, used 167458K [0x00000000a0000000, 0x0000000100000000)
  region size 1024K, 42 young (43008K), 6 survivors (6144K)
 Metaspace       used 98361K, committed 99392K, reserved 1138688K
  class space    used 13721K, committed 14144K, reserved 1048576K
}
Event: 68.082 GC heap after
{Heap after GC invocations=77 (full 0):
 garbage-first heap   total 219136K, used 139933K [0x00000000a0000000, 0x0000000100000000)
  region size 1024K, 6 young (6144K), 6 survivors (6144K)
 Metaspace       used 98361K, committed 99392K, reserved 1138688K
  class space    used 13721K, committed 14144K, reserved 1048576K
}
Event: 68.504 GC heap before
{Heap before GC invocations=77 (full 0):
 garbage-first heap   total 219136K, used 144029K [0x00000000a0000000, 0x0000000100000000)
  region size 1024K, 10 young (10240K), 6 survivors (6144K)
 Metaspace       used 98372K, committed 99392K, reserved 1138688K
  class space    used 13721K, committed 14144K, reserved 1048576K
}
Event: 68.511 GC heap after
{Heap after GC invocations=78 (full 0):
 garbage-first heap   total 219136K, used 140473K [0x00000000a0000000, 0x0000000100000000)
  region size 1024K, 1 young (1024K), 1 survivors (1024K)
 Metaspace       used 98372K, committed 99392K, reserved 1138688K
  class space    used 13721K, committed 14144K, reserved 1048576K
}
Event: 70.849 GC heap before
{Heap before GC invocations=78 (full 0):
 garbage-first heap   total 219136K, used 183481K [0x00000000a0000000, 0x0000000100000000)
  region size 1024K, 37 young (37888K), 1 survivors (1024K)
 Metaspace       used 98665K, committed 99776K, reserved 1138688K
  class space    used 13758K, committed 14208K, reserved 1048576K
}
Event: 70.858 GC heap after
{Heap after GC invocations=79 (full 0):
 garbage-first heap   total 219136K, used 155266K [0x00000000a0000000, 0x0000000100000000)
  region size 1024K, 5 young (5120K), 5 survivors (5120K)
 Metaspace       used 98665K, committed 99776K, reserved 1138688K
  class space    used 13758K, committed 14208K, reserved 1048576K
}

Dll operation events (3 events):
Event: 0.055 Loaded shared library C:\Program Files\Android\Android Studio\jbr\bin\java.dll
Event: 0.803 Loaded shared library C:\Program Files\Android\Android Studio\jbr\bin\zip.dll
Event: 2.398 Loaded shared library C:\Program Files\Android\Android Studio\jbr\bin\verify.dll

Deoptimization events (20 events):
Event: 68.484 Thread 0x0000023e5c3f2170 DEOPT PACKING pc=0x0000023e46d7f83c sp=0x000000a85dbfd9c0
Event: 68.484 Thread 0x0000023e5c3f2170 DEOPT UNPACKING pc=0x0000023e4679a1a3 sp=0x000000a85dbfd858 mode 2
Event: 69.136 Thread 0x0000023e558ee630 Uncommon trap: trap_request=0xffffff45 fr.pc=0x0000023e472e9264 relative=0x00000000000004c4
Event: 69.136 Thread 0x0000023e558ee630 Uncommon trap: reason=unstable_if action=reinterpret pc=0x0000023e472e9264 method=org.gradle.internal.component.model.AttributeConfigurationSelector.fastContainsImplicitCapability(Lorg/gradle/api/internal/capabilities/CapabilitiesMetadataInternal;Ljava/ut
Event: 69.137 Thread 0x0000023e558ee630 DEOPT PACKING pc=0x0000023e472e9264 sp=0x000000a857bf8770
Event: 69.137 Thread 0x0000023e558ee630 DEOPT UNPACKING pc=0x0000023e4679a1a3 sp=0x000000a857bf8630 mode 2
Event: 69.137 Thread 0x0000023e558ee630 Uncommon trap: trap_request=0xffffff45 fr.pc=0x0000023e4724f070 relative=0x00000000000000d0
Event: 69.137 Thread 0x0000023e558ee630 Uncommon trap: reason=unstable_if action=reinterpret pc=0x0000023e4724f070 method=org.gradle.internal.component.model.AttributeConfigurationSelector.fastContainsImplicitCapability(Lorg/gradle/api/internal/capabilities/CapabilitiesMetadataInternal;Ljava/ut
Event: 69.137 Thread 0x0000023e558ee630 DEOPT PACKING pc=0x0000023e4724f070 sp=0x000000a857bf86f0
Event: 69.137 Thread 0x0000023e558ee630 DEOPT UNPACKING pc=0x0000023e4679a1a3 sp=0x000000a857bf8620 mode 2
Event: 69.626 Thread 0x0000023e5c3ee7b0 Uncommon trap: trap_request=0xffffff45 fr.pc=0x0000023e4730a5b8 relative=0x00000000000000f8
Event: 69.626 Thread 0x0000023e5c3ee7b0 Uncommon trap: reason=unstable_if action=reinterpret pc=0x0000023e4730a5b8 method=java.util.concurrent.ConcurrentHashMap.addCount(JI)V @ 110 c2
Event: 69.626 Thread 0x0000023e5c3ee7b0 DEOPT PACKING pc=0x0000023e4730a5b8 sp=0x000000a85e2fe750
Event: 69.626 Thread 0x0000023e5c3ee7b0 DEOPT UNPACKING pc=0x0000023e4679a1a3 sp=0x000000a85e2fe688 mode 2
Event: 69.922 Thread 0x0000023e558ee630 DEOPT PACKING pc=0x0000023e3f884ad9 sp=0x000000a857bf8d70
Event: 69.922 Thread 0x0000023e558ee630 DEOPT UNPACKING pc=0x0000023e4679ace3 sp=0x000000a857bf8260 mode 0
Event: 71.064 Thread 0x0000023e558ee630 Uncommon trap: trap_request=0xffffffd6 fr.pc=0x0000023e46e12f08 relative=0x0000000000000368
Event: 71.064 Thread 0x0000023e558ee630 Uncommon trap: reason=array_check action=maybe_recompile pc=0x0000023e46e12f08 method=java.util.LinkedHashMap.keysToArray([Ljava/lang/Object;)[Ljava/lang/Object; @ 25 c2
Event: 71.064 Thread 0x0000023e558ee630 DEOPT PACKING pc=0x0000023e46e12f08 sp=0x000000a857bf7a70
Event: 71.064 Thread 0x0000023e558ee630 DEOPT UNPACKING pc=0x0000023e4679a1a3 sp=0x000000a857bf7a18 mode 2

Classes unloaded (0 events):
No events

Classes redefined (0 events):
No events

Internal exceptions (20 events):
Event: 67.186 Thread 0x0000023e558ee630 Exception <a 'java/lang/ClassNotFoundException'{0x00000000ac0779e0}: build_bshuo4hpn7cfqg3q357f01s9uBeanInfo> (0x00000000ac0779e0) 
thrown [s\src\hotspot\share\classfile\systemDictionary.cpp, line 256]
Event: 67.187 Thread 0x0000023e558ee630 Exception <a 'java/lang/ClassNotFoundException'{0x00000000ac07e270}: build_bshuo4hpn7cfqg3q357f01s9uCustomizer> (0x00000000ac07e270) 
thrown [s\src\hotspot\share\classfile\systemDictionary.cpp, line 256]
Event: 67.725 Thread 0x0000023e558ee630 Exception <a 'java/lang/ClassNotFoundException'{0x00000000ab836aa0}: com/android/build/gradle/internal/dsl/TestOptions_DecoratedBeanInfo> (0x00000000ab836aa0) 
thrown [s\src\hotspot\share\classfile\systemDictionary.cpp, line 256]
Event: 67.727 Thread 0x0000023e558ee630 Exception <a 'java/lang/ClassNotFoundException'{0x00000000ab845070}: com/android/build/gradle/internal/dsl/TestOptionsBeanInfo> (0x00000000ab845070) 
thrown [s\src\hotspot\share\classfile\systemDictionary.cpp, line 256]
Event: 67.728 Thread 0x0000023e558ee630 Exception <a 'java/lang/ClassNotFoundException'{0x00000000ab853620}: com/android/build/gradle/internal/dsl/TestOptionsCustomizer> (0x00000000ab853620) 
thrown [s\src\hotspot\share\classfile\systemDictionary.cpp, line 256]
Event: 67.730 Thread 0x0000023e558ee630 Exception <a 'java/lang/ClassNotFoundException'{0x00000000ab87d2f8}: com/android/build/gradle/internal/dsl/TestOptions_DecoratedCustomizer> (0x00000000ab87d2f8) 
thrown [s\src\hotspot\share\classfile\systemDictionary.cpp, line 256]
Event: 67.738 Thread 0x0000023e558ee630 Exception <a 'java/lang/ClassNotFoundException'{0x00000000ab8dbd10}: com/android/build/gradle/internal/dsl/TestOptions$UnitTestOptions_DecoratedBeanInfo> (0x00000000ab8dbd10) 
thrown [s\src\hotspot\share\classfile\systemDictionary.cpp, line 256]
Event: 67.743 Thread 0x0000023e558ee630 Exception <a 'java/lang/ClassNotFoundException'{0x00000000ab8ea560}: com/android/build/gradle/internal/dsl/TestOptions$UnitTestOptionsBeanInfo> (0x00000000ab8ea560) 
thrown [s\src\hotspot\share\classfile\systemDictionary.cpp, line 256]
Event: 67.745 Thread 0x0000023e558ee630 Exception <a 'java/lang/ClassNotFoundException'{0x00000000ab8f8d90}: com/android/build/gradle/internal/dsl/TestOptions$UnitTestOptionsCustomizer> (0x00000000ab8f8d90) 
thrown [s\src\hotspot\share\classfile\systemDictionary.cpp, line 256]
Event: 67.748 Thread 0x0000023e558ee630 Exception <a 'java/lang/ClassNotFoundException'{0x00000000ab70f070}: com/android/build/gradle/internal/dsl/TestOptions$UnitTestOptions_DecoratedCustomizer> (0x00000000ab70f070) 
thrown [s\src\hotspot\share\classfile\systemDictionary.cpp, line 256]
Event: 67.974 Thread 0x0000023e558ee630 Exception <a 'java/lang/ClassNotFoundException'{0x00000000ab3b2568}: build_96s7qna5u4xfq8uqzdrisprqoBeanInfo> (0x00000000ab3b2568) 
thrown [s\src\hotspot\share\classfile\systemDictionary.cpp, line 256]
Event: 67.975 Thread 0x0000023e558ee630 Exception <a 'java/lang/ClassNotFoundException'{0x00000000ab3b8e58}: build_96s7qna5u4xfq8uqzdrisprqoCustomizer> (0x00000000ab3b8e58) 
thrown [s\src\hotspot\share\classfile\systemDictionary.cpp, line 256]
Event: 68.676 Thread 0x0000023e558ee630 Exception <a 'java/lang/ClassNotFoundException'{0x00000000ad0ab3b8}: build_96s7qna5u4xfq8uqzdrisprqoBeanInfo> (0x00000000ad0ab3b8) 
thrown [s\src\hotspot\share\classfile\systemDictionary.cpp, line 256]
Event: 68.676 Thread 0x0000023e558ee630 Exception <a 'java/lang/ClassNotFoundException'{0x00000000ad0b1c48}: build_96s7qna5u4xfq8uqzdrisprqoCustomizer> (0x00000000ad0b1c48) 
thrown [s\src\hotspot\share\classfile\systemDictionary.cpp, line 256]
Event: 69.105 Thread 0x0000023e558ee630 Exception <a 'java/lang/ClassNotFoundException'{0x00000000acbe7230}: build_56wn7gqmfqx0obyiz2ek2vu6iBeanInfo> (0x00000000acbe7230) 
thrown [s\src\hotspot\share\classfile\systemDictionary.cpp, line 256]
Event: 69.106 Thread 0x0000023e558ee630 Exception <a 'java/lang/ClassNotFoundException'{0x00000000acbedb20}: build_56wn7gqmfqx0obyiz2ek2vu6iCustomizer> (0x00000000acbedb20) 
thrown [s\src\hotspot\share\classfile\systemDictionary.cpp, line 256]
Event: 69.847 Thread 0x0000023e558ee630 Exception <a 'java/lang/ClassNotFoundException'{0x00000000abc5e798}: build_56wn7gqmfqx0obyiz2ek2vu6iBeanInfo> (0x00000000abc5e798) 
thrown [s\src\hotspot\share\classfile\systemDictionary.cpp, line 256]
Event: 69.850 Thread 0x0000023e558ee630 Exception <a 'java/lang/ClassNotFoundException'{0x00000000abc65028}: build_56wn7gqmfqx0obyiz2ek2vu6iCustomizer> (0x00000000abc65028) 
thrown [s\src\hotspot\share\classfile\systemDictionary.cpp, line 256]
Event: 70.654 Thread 0x0000023e558ee630 Exception <a 'java/lang/ClassNotFoundException'{0x00000000ab30be68}: build_56wn7gqmfqx0obyiz2ek2vu6i$_run_closure2BeanInfo> (0x00000000ab30be68) 
thrown [s\src\hotspot\share\classfile\systemDictionary.cpp, line 256]
Event: 70.658 Thread 0x0000023e558ee630 Exception <a 'java/lang/ClassNotFoundException'{0x00000000ab3178c8}: build_56wn7gqmfqx0obyiz2ek2vu6i$_run_closure2Customizer> (0x00000000ab3178c8) 
thrown [s\src\hotspot\share\classfile\systemDictionary.cpp, line 256]

VM Operations (20 events):
Event: 65.616 Executing VM operation: G1CollectForAllocation done
Event: 65.822 Executing VM operation: G1Concurrent
Event: 65.830 Executing VM operation: G1Concurrent done
Event: 65.922 Executing VM operation: G1Concurrent
Event: 65.937 Executing VM operation: G1Concurrent done
Event: 66.944 Executing VM operation: Cleanup
Event: 66.945 Executing VM operation: Cleanup done
Event: 67.958 Executing VM operation: Cleanup
Event: 67.958 Executing VM operation: Cleanup done
Event: 68.063 Executing VM operation: G1CollectForAllocation
Event: 68.083 Executing VM operation: G1CollectForAllocation done
Event: 68.503 Executing VM operation: G1CollectForAllocation
Event: 68.511 Executing VM operation: G1CollectForAllocation done
Event: 69.513 Executing VM operation: Cleanup
Event: 69.513 Executing VM operation: Cleanup done
Event: 70.523 Executing VM operation: Cleanup
Event: 70.524 Executing VM operation: Cleanup done
Event: 70.849 Executing VM operation: G1CollectForAllocation
Event: 70.858 Executing VM operation: G1CollectForAllocation done
Event: 71.122 Executing VM operation: G1Concurrent

Events (20 events):
Event: 66.810 Thread 0x0000023e5c3f0e30 Thread added: 0x0000023e5c3f0e30
Event: 66.810 Thread 0x0000023e5c3ec130 Thread added: 0x0000023e5c3ec130
Event: 66.810 Thread 0x0000023e5c3eadf0 Thread added: 0x0000023e5c3eadf0
Event: 66.811 Thread 0x0000023e5c3ed470 Thread added: 0x0000023e5c3ed470
Event: 68.225 Thread 0x0000023e5c3ec600 Thread added: 0x0000023e5c3ec600
Event: 68.226 Thread 0x0000023e5c3ef620 Thread added: 0x0000023e5c3ef620
Event: 68.226 Thread 0x0000023e5c3eb790 Thread added: 0x0000023e5c3eb790
Event: 68.226 Thread 0x0000023e5c3ecad0 Thread added: 0x0000023e5c3ecad0
Event: 68.226 Thread 0x0000023e5c3f2640 Thread added: 0x0000023e5c3f2640
Event: 68.227 Thread 0x0000023e5c3f2170 Thread added: 0x0000023e5c3f2170
Event: 68.227 Thread 0x0000023e5c3f1300 Thread added: 0x0000023e5c3f1300
Event: 69.487 loading class java/util/LinkedList$LLSpliterator
Event: 69.488 loading class java/util/LinkedList$LLSpliterator done
Event: 69.516 Thread 0x0000023e5c3f17d0 Thread added: 0x0000023e5c3f17d0
Event: 69.517 Thread 0x0000023e5c3eb2c0 Thread added: 0x0000023e5c3eb2c0
Event: 69.517 Thread 0x0000023e5c3ecfa0 Thread added: 0x0000023e5c3ecfa0
Event: 69.517 Thread 0x0000023e5c3eec80 Thread added: 0x0000023e5c3eec80
Event: 69.517 Thread 0x0000023e5c3ed940 Thread added: 0x0000023e5c3ed940
Event: 69.517 Thread 0x0000023e5c3ee7b0 Thread added: 0x0000023e5c3ee7b0
Event: 69.517 Thread 0x0000023e5c3ef150 Thread added: 0x0000023e5c3ef150


Dynamic libraries:
0x00007ff641b80000 - 0x00007ff641b8a000 	C:\Program Files\Android\Android Studio\jbr\bin\java.exe
0x00007ffae6fb0000 - 0x00007ffae71c7000 	C:\Windows\SYSTEM32\ntdll.dll
0x00007ffae5950000 - 0x00007ffae5a14000 	C:\Windows\System32\KERNEL32.DLL
0x00007ffae46f0000 - 0x00007ffae4a97000 	C:\Windows\System32\KERNELBASE.dll
0x00007ffae45a0000 - 0x00007ffae46b1000 	C:\Windows\System32\ucrtbase.dll
0x00007ffacfba0000 - 0x00007ffacfbb7000 	C:\Program Files\Android\Android Studio\jbr\bin\jli.dll
0x00007ffae4ce0000 - 0x00007ffae4e8e000 	C:\Windows\System32\USER32.dll
0x00007ffae4b10000 - 0x00007ffae4b36000 	C:\Windows\System32\win32u.dll
0x00007ffae6440000 - 0x00007ffae6469000 	C:\Windows\System32\GDI32.dll
0x00007ffae4bc0000 - 0x00007ffae4cd9000 	C:\Windows\System32\gdi32full.dll
0x00007ffae4390000 - 0x00007ffae442a000 	C:\Windows\System32\msvcp_win.dll
0x00007ffacfb80000 - 0x00007ffacfb9b000 	C:\Program Files\Android\Android Studio\jbr\bin\VCRUNTIME140.dll
0x00007ffacb030000 - 0x00007ffacb2c3000 	C:\Windows\WinSxS\amd64_microsoft.windows.common-controls_6595b64144ccf1df_6.0.22621.3527_none_270e469b73872a76\COMCTL32.dll
0x00007ffae53c0000 - 0x00007ffae5467000 	C:\Windows\System32\msvcrt.dll
0x00007ffae50f0000 - 0x00007ffae5121000 	C:\Windows\System32\IMM32.DLL
0x00007ffadc9e0000 - 0x00007ffadc9ec000 	C:\Program Files\Android\Android Studio\jbr\bin\vcruntime140_1.dll
0x00007ffaa1d80000 - 0x00007ffaa1e0d000 	C:\Program Files\Android\Android Studio\jbr\bin\msvcp140.dll
0x00007ffa79f90000 - 0x00007ffa7abfe000 	C:\Program Files\Android\Android Studio\jbr\bin\server\jvm.dll
0x00007ffae64d0000 - 0x00007ffae6582000 	C:\Windows\System32\ADVAPI32.dll
0x00007ffae5570000 - 0x00007ffae5618000 	C:\Windows\System32\sechost.dll
0x00007ffae46c0000 - 0x00007ffae46e8000 	C:\Windows\System32\bcrypt.dll
0x00007ffae57d0000 - 0x00007ffae58e5000 	C:\Windows\System32\RPCRT4.dll
0x00007ffad98b0000 - 0x00007ffad98b9000 	C:\Windows\SYSTEM32\WSOCK32.dll
0x00007ffae5240000 - 0x00007ffae52b1000 	C:\Windows\System32\WS2_32.dll
0x00007ffadb6e0000 - 0x00007ffadb714000 	C:\Windows\SYSTEM32\WINMM.dll
0x00007ffad8010000 - 0x00007ffad801a000 	C:\Windows\SYSTEM32\VERSION.dll
0x00007ffae33e0000 - 0x00007ffae33f8000 	C:\Windows\SYSTEM32\kernel.appcore.dll
0x00007ffadb800000 - 0x00007ffadb80a000 	C:\Program Files\Android\Android Studio\jbr\bin\jimage.dll
0x00007ffae15d0000 - 0x00007ffae1802000 	C:\Windows\SYSTEM32\DBGHELP.DLL
0x00007ffae6be0000 - 0x00007ffae6f68000 	C:\Windows\System32\combase.dll
0x00007ffae52e0000 - 0x00007ffae53b7000 	C:\Windows\System32\OLEAUT32.dll
0x00007ffacc650000 - 0x00007ffacc682000 	C:\Windows\SYSTEM32\dbgcore.DLL
0x00007ffae4b40000 - 0x00007ffae4bb9000 	C:\Windows\System32\bcryptPrimitives.dll
0x00007ffacfb70000 - 0x00007ffacfb7e000 	C:\Program Files\Android\Android Studio\jbr\bin\instrument.dll
0x00007fface360000 - 0x00007fface385000 	C:\Program Files\Android\Android Studio\jbr\bin\java.dll
0x00007ffacb2d0000 - 0x00007ffacb2e8000 	C:\Program Files\Android\Android Studio\jbr\bin\zip.dll
0x00007ffae5b90000 - 0x00007ffae63ec000 	C:\Windows\System32\SHELL32.dll
0x00007ffae21e0000 - 0x00007ffae2ad6000 	C:\Windows\SYSTEM32\windows.storage.dll
0x00007ffae20a0000 - 0x00007ffae21de000 	C:\Windows\SYSTEM32\wintypes.dll
0x00007ffae5140000 - 0x00007ffae5235000 	C:\Windows\System32\SHCORE.dll
0x00007ffae6470000 - 0x00007ffae64ce000 	C:\Windows\System32\shlwapi.dll
0x00007ffae4200000 - 0x00007ffae4221000 	C:\Windows\SYSTEM32\profapi.dll
0x00007ffaca2c0000 - 0x00007ffaca2d9000 	C:\Program Files\Android\Android Studio\jbr\bin\net.dll
0x00007ffaddbf0000 - 0x00007ffaddd26000 	C:\Windows\SYSTEM32\WINHTTP.dll
0x00007ffae3850000 - 0x00007ffae38b9000 	C:\Windows\system32\mswsock.dll
0x00007ffaca0d0000 - 0x00007ffaca0e6000 	C:\Program Files\Android\Android Studio\jbr\bin\nio.dll
0x00007ffad7e70000 - 0x00007ffad7e80000 	C:\Program Files\Android\Android Studio\jbr\bin\verify.dll
0x00007ffac7e00000 - 0x00007ffac7e27000 	C:\Users\Ajeesh Das\.gradle\native\68d5fa5c4cc2d200863cafc0d521ce42e7d3e7ee720ec0a83991735586a16f82\windows-amd64\native-platform.dll
0x00007ffaa0b00000 - 0x00007ffaa0c44000 	C:\Users\Ajeesh Das\.gradle\native\e376f236ea51e6404a007f0833ffe2c6e607c4080706a723a18a27aeea778392\windows-amd64\native-platform-file-events.dll
0x00007ffacff00000 - 0x00007ffacff09000 	C:\Program Files\Android\Android Studio\jbr\bin\management.dll
0x00007ffacfe80000 - 0x00007ffacfe8b000 	C:\Program Files\Android\Android Studio\jbr\bin\management_ext.dll
0x00007ffae5130000 - 0x00007ffae5138000 	C:\Windows\System32\PSAPI.DLL
0x00007ffae3ab0000 - 0x00007ffae3acb000 	C:\Windows\SYSTEM32\CRYPTSP.dll
0x00007ffae3340000 - 0x00007ffae3375000 	C:\Windows\system32\rsaenh.dll
0x00007ffae3950000 - 0x00007ffae3978000 	C:\Windows\SYSTEM32\USERENV.dll
0x00007ffae3ad0000 - 0x00007ffae3adc000 	C:\Windows\SYSTEM32\CRYPTBASE.dll
0x00007ffae2df0000 - 0x00007ffae2e1d000 	C:\Windows\SYSTEM32\IPHLPAPI.DLL
0x00007ffae4f40000 - 0x00007ffae4f49000 	C:\Windows\System32\NSI.dll
0x00007ffadda40000 - 0x00007ffadda59000 	C:\Windows\SYSTEM32\dhcpcsvc6.DLL
0x00007ffadd970000 - 0x00007ffadd98f000 	C:\Windows\SYSTEM32\dhcpcsvc.DLL
0x00007ffae2e30000 - 0x00007ffae2f28000 	C:\Windows\SYSTEM32\DNSAPI.dll
0x00007ffacebf0000 - 0x00007ffacebf8000 	C:\Windows\system32\wshunix.dll

dbghelp: loaded successfully - version: 4.0.5 - missing functions: none
symbol engine: initialized successfully - sym options: 0x614 - pdb path: .;C:\Program Files\Android\Android Studio\jbr\bin;C:\Windows\SYSTEM32;C:\Windows\WinSxS\amd64_microsoft.windows.common-controls_6595b64144ccf1df_6.0.22621.3527_none_270e469b73872a76;C:\Program Files\Android\Android Studio\jbr\bin\server;C:\Users\Ajeesh Das\.gradle\native\68d5fa5c4cc2d200863cafc0d521ce42e7d3e7ee720ec0a83991735586a16f82\windows-amd64;C:\Users\Ajeesh Das\.gradle\native\e376f236ea51e6404a007f0833ffe2c6e607c4080706a723a18a27aeea778392\windows-amd64

VM Arguments:
jvm_args: --add-opens=java.base/java.util=ALL-UNNAMED --add-opens=java.base/java.lang=ALL-UNNAMED --add-opens=java.base/java.lang.invoke=ALL-UNNAMED --add-opens=java.prefs/java.util.prefs=ALL-UNNAMED --add-opens=java.base/java.nio.charset=ALL-UNNAMED --add-opens=java.base/java.net=ALL-UNNAMED --add-opens=java.base/java.util.concurrent.atomic=ALL-UNNAMED -Xmx1536M -Dfile.encoding=windows-1252 -Duser.country=IN -Duser.language=en -Duser.variant -javaagent:C:\Users\Ajeesh Das\.gradle\wrapper\dists\gradle-8.1.1-bin\9wiye5v2saajue4irfo8ybqfp\gradle-8.1.1\lib\agents\gradle-instrumentation-agent-8.1.1.jar 
java_command: org.gradle.launcher.daemon.bootstrap.GradleDaemon 8.1.1
java_class_path (initial): C:\Users\Ajeesh Das\.gradle\wrapper\dists\gradle-8.1.1-bin\9wiye5v2saajue4irfo8ybqfp\gradle-8.1.1\lib\gradle-launcher-8.1.1.jar
Launcher Type: SUN_STANDARD

[Global flags]
     intx CICompilerCount                          = 4                                         {product} {ergonomic}
     uint ConcGCThreads                            = 2                                         {product} {ergonomic}
     uint G1ConcRefinementThreads                  = 8                                         {product} {ergonomic}
   size_t G1HeapRegionSize                         = 1048576                                   {product} {ergonomic}
    uintx GCDrainStackTargetSize                   = 64                                        {product} {ergonomic}
   size_t InitialHeapSize                          = 132120576                                 {product} {ergonomic}
   size_t MarkStackSize                            = 4194304                                   {product} {ergonomic}
   size_t MaxHeapSize                              = 1610612736                                {product} {command line}
   size_t MaxNewSize                               = 965738496                                 {product} {ergonomic}
   size_t MinHeapDeltaBytes                        = 1048576                                   {product} {ergonomic}
   size_t MinHeapSize                              = 8388608                                   {product} {ergonomic}
    uintx NonNMethodCodeHeapSize                   = 5839372                                {pd product} {ergonomic}
    uintx NonProfiledCodeHeapSize                  = 122909434                              {pd product} {ergonomic}
    uintx ProfiledCodeHeapSize                     = 122909434                              {pd product} {ergonomic}
    uintx ReservedCodeCacheSize                    = 251658240                              {pd product} {ergonomic}
     bool SegmentedCodeCache                       = true                                      {product} {ergonomic}
   size_t SoftMaxHeapSize                          = 1610612736                             {manageable} {ergonomic}
     bool UseCompressedClassPointers               = true                           {product lp64_product} {ergonomic}
     bool UseCompressedOops                        = true                           {product lp64_product} {ergonomic}
     bool UseG1GC                                  = true                                      {product} {ergonomic}
     bool UseLargePagesIndividualAllocation        = false                                  {pd product} {ergonomic}

Logging:
Log output configuration:
 #0: stdout all=warning uptime,level,tags
 #1: stderr all=off uptime,level,tags

Environment Variables:
JAVA_HOME=C:\Program Files\Android\Android Studio\jbr
CLASSPATH=D:\Towner\townerapp_mobile\android\\gradle\wrapper\gradle-wrapper.jar
PATH=C:\Program Files\Android\Android Studio\jbr\bin;C:\Program Files\Common Files\Oracle\Java\javapath;C:\Windows\system32;C:\Windows;C:\Windows\System32\Wbem;C:\Windows\System32\WindowsPowerShell\v1.0\;C:\Windows\System32\OpenSSH\;C:\Users\Ajeesh Das\Downloads\flutter_windows_3.13.5-stable\flutter\bin;C:\Users\Ajeesh Das\Downloads\flutter_windows_3.13.5-stable\flutter\bin;C:\Program Files\nodejs\;C:\Program Files\Git\cmd;C:\Users\Ajeesh Das\AppData\Local\Microsoft\WindowsApps;;C:\Users\Ajeesh Das\AppData\Local\Programs\Microsoft VS Code\bin;C:\Users\Ajeesh Das\AppData\Roaming\npm;C:\Users\Ajeesh Das\Downloads\flutter_windows_3.13.5-stable\flutter\bin\mingit\cmd;C:\Users\Ajeesh Das\Downloads\flutter_windows_3.13.5-stable\flutter\bin\mingit\cmd
USERNAME=Ajeesh Das
OS=Windows_NT
PROCESSOR_IDENTIFIER=Intel64 Family 6 Model 140 Stepping 1, GenuineIntel
TMP=C:\Users\AJEESH~1\AppData\Local\Temp
TEMP=C:\Users\AJEESH~1\AppData\Local\Temp


JNI global refs:
JNI global refs: 27, weak refs: 0

JNI global refs memory usage: 843, weak refs: 841


---------------  S Y S T E M  ---------------

OS:
 Windows 11 , 64 bit Build 22621 (10.0.22621.3527)
OS uptime: 7 days 4:40 hours
Hyper-V role detected

CPU: total 8 (initial active 8) (4 cores per cpu, 2 threads per core) family 6 model 140 stepping 1 microcode 0xa6, cx8, cmov, fxsr, ht, mmx, 3dnowpref, sse, sse2, sse3, ssse3, sse4.1, sse4.2, popcnt, lzcnt, tsc, tscinvbit, avx, avx2, aes, erms, clmul, bmi1, bmi2, adx, avx512f, avx512dq, avx512cd, avx512bw, avx512vl, sha, fma, vzeroupper, avx512_vpopcntdq, avx512_vpclmulqdq, avx512_vaes, avx512_vnni, clflush, clflushopt, clwb, avx512_vbmi2, avx512_vbmi, hv

Memory: 4k page, system-wide physical 7975M (200M free)
TotalPageFile size 32551M (AvailPageFile size 44M)
current process WorkingSet (physical memory assigned to process): 410M, peak: 441M
current process commit charge ("private bytes"): 512M, peak: 560M

vm_info: OpenJDK 64-Bit Server VM (17.0.6+0-b2043.56-10027231) for windows-amd64 JRE (17.0.6+0-b2043.56-10027231), built on Apr 28 2023 00:43:19 by "androidbuild" with MS VC++ 16.10 / 16.11 (VS2019)

END.
